#
# A fatal error has been detected by the Java Runtime Environment:
#
#  EXCEPTION_ACCESS_VIOLATION (0xc0000005) at pc=0x000000005b03c980, pid=6544, tid=7028
#
# JRE version: Java(TM) SE Runtime Environment (8.0_11-b12) (build 1.8.0_11-b12)
# Java VM: Java HotSpot(TM) 64-Bit Server VM (25.11-b03 mixed mode windows-amd64 compressed oops)
# Problematic frame:
# C  [atio6axx.dll+0x37c980]
#
# Failed to write core dump. Minidumps are not enabled by default on client versions of Windows
#
# If you would like to submit a bug report, please visit:
#   http://bugreport.sun.com/bugreport/crash.jsp
# The crash happened outside the Java Virtual Machine in native code.
# See problematic frame for where to report the bug.
#

---------------  T H R E A D  ---------------

Current thread (0x000000000227e000):  JavaThread "main" [_thread_in_native, id=7028, stack(0x0000000002460000,0x0000000002560000)]

siginfo: ExceptionCode=0xc0000005, reading address 0x0000000000000000

Registers:
RAX=0x000000005e90d000, RBX=0x0000000000000000, RCX=0x0000000000000000, RDX=0x0000000000000000
RSP=0x000000000255eaa0, RBP=0x0000000000000002, RSI=0x0000000000000004, RDI=0x0000000000000002
R8 =0x000000005e90d009, R9 =0x000000000255eae0, R10=0x000000005e90d010, R11=0x000000005e90d000
R12=0x0000000000000004, R13=0x000000005c677698, R14=0x0000000000000000, R15=0x000000005c655000
RIP=0x000000005b03c980, EFLAGS=0x0000000000010293

Top of Stack: (sp=0x000000000255eaa0)
0x000000000255eaa0:   000000006035d8d0 000000005b75c0ad
0x000000000255eab0:   000000006035c550 000000006035d8d0
0x000000000255eac0:   0000000060096980 0000000000000000
0x000000000255ead0:   0000000000000000 000000005b75cb4c
0x000000000255eae0:   0000000000000000 0000001000000010
0x000000000255eaf0:   0000000000000000 0000001000000010
0x000000000255eb00:   0000000060096970 00000000002e51e0
0x000000000255eb10:   2e6c616900000002 000000005dad7170
0x000000000255eb20:   00000000602ea6a0 000000000255ebe0
0x000000000255eb30:   0000000000000000 0000000000000000
0x000000000255eb40:   000000005d3d6b90 0000000000000000
0x000000000255eb50:   000000005acc0000 00000000002e51e0
0x000000000255eb60:   000000000255ec70 000000005b75d5a7
0x000000000255eb70:   0000000060096970 00000000002e51e0
0x000000000255eb80:   0000000200000000 000000005dad7170
0x000000000255eb90:   000000000003fc00 000000000255ec50 

Instructions: (pc=0x000000005b03c980)
0x000000005b03c960:   45 8b 51 0c 49 8b 19 4c 03 d0 48 8b d3 4d 8d 42
0x000000005b03c970:   f9 49 3b c0 73 1e 66 66 0f 1f 84 00 00 00 00 00
0x000000005b03c980:   48 8b 0a 48 83 c0 08 48 83 c2 08 48 89 48 f8 49
0x000000005b03c990:   3b c0 72 ec 4d 8d 42 fd 49 3b c0 73 12 48 2b d0 


Register to memory mapping:

RAX=0x000000005e90d000 is an unknown value
RBX=0x0000000000000000 is an unknown value
RCX=0x0000000000000000 is an unknown value
RDX=0x0000000000000000 is an unknown value
RSP=0x000000000255eaa0 is pointing into the stack for thread: 0x000000000227e000
RBP=0x0000000000000002 is an unknown value
RSI=0x0000000000000004 is an unknown value
RDI=0x0000000000000002 is an unknown value
R8 =0x000000005e90d009 is an unknown value
R9 =0x000000000255eae0 is pointing into the stack for thread: 0x000000000227e000
R10=0x000000005e90d010 is an unknown value
R11=0x000000005e90d000 is an unknown value
R12=0x0000000000000004 is an unknown value
R13=0x000000005c677698 is an unknown value
R14=0x0000000000000000 is an unknown value
R15=0x000000005c655000 is an unknown value


Stack: [0x0000000002460000,0x0000000002560000],  sp=0x000000000255eaa0,  free space=1018k
Native frames: (J=compiled Java code, j=interpreted, Vv=VM code, C=native code)
C  [atio6axx.dll+0x37c980]
C  [atio6axx.dll+0x32ff1f]
C  [atio6axx.dll+0x2b37b5]
C  [atio6axx.dll+0x541049]
C  0x000000000284518e

Java frames: (J=compiled Java code, j=interpreted, Vv=VM code)
j  org.lwjgl.opengl.GL11.nglDrawArrays(IIIJ)V+0
j  org.lwjgl.opengl.GL11.glDrawArrays(III)V+20
j  freeat.Main.render()V+32
j  freeat.Main.gameLoop()V+61
j  freeat.Main.main([Ljava/lang/String;)V+45
v  ~StubRoutines::call_stub

---------------  P R O C E S S  ---------------

Java Threads: ( => current thread )
  0x0000000058f14800 JavaThread "Java2D Disposer" daemon [_thread_blocked, id=3444, stack(0x000000005e7f0000,0x000000005e8f0000)]
  0x0000000058c8b800 JavaThread "Service Thread" daemon [_thread_blocked, id=5228, stack(0x000000005a200000,0x000000005a300000)]
  0x0000000058c12800 JavaThread "C1 CompilerThread3" daemon [_thread_blocked, id=3052, stack(0x000000005a540000,0x000000005a640000)]
  0x0000000057a4f000 JavaThread "C2 CompilerThread2" daemon [_thread_blocked, id=2688, stack(0x000000005a6b0000,0x000000005a7b0000)]
  0x0000000058c0f800 JavaThread "C2 CompilerThread1" daemon [_thread_blocked, id=3864, stack(0x000000005a440000,0x000000005a540000)]
  0x0000000058c08800 JavaThread "C2 CompilerThread0" daemon [_thread_blocked, id=4728, stack(0x000000005a300000,0x000000005a400000)]
  0x0000000058c04800 JavaThread "Attach Listener" daemon [_thread_blocked, id=5444, stack(0x000000005a0a0000,0x000000005a1a0000)]
  0x0000000058c03000 JavaThread "Signal Dispatcher" daemon [_thread_blocked, id=4064, stack(0x0000000059f40000,0x000000005a040000)]
  0x0000000057a3d000 JavaThread "Finalizer" daemon [_thread_blocked, id=4192, stack(0x0000000059e40000,0x0000000059f40000)]
  0x000000000221f000 JavaThread "Reference Handler" daemon [_thread_blocked, id=6868, stack(0x0000000059d40000,0x0000000059e40000)]
=>0x000000000227e000 JavaThread "main" [_thread_in_native, id=7028, stack(0x0000000002460000,0x0000000002560000)]

Other Threads:
  0x000000000221c000 VMThread [stack: 0x0000000059b90000,0x0000000059c90000] [id=6900]
  0x0000000058c90800 WatcherThread [stack: 0x000000005a970000,0x000000005aa70000] [id=4628]

VM state:not at safepoint (normal execution)

VM Mutex/Monitor currently owned by a thread: None

Heap:
 PSYoungGen      total 23040K, used 5559K [0x00000000d5f80000, 0x00000000d8480000, 0x0000000100000000)
  eden space 21504K, 25% used [0x00000000d5f80000,0x00000000d64edea8,0x00000000d7480000)
  from space 1536K, 0% used [0x00000000d7480000,0x00000000d7480000,0x00000000d7600000)
  to   space 1536K, 0% used [0x00000000d8300000,0x00000000d8300000,0x00000000d8480000)
 ParOldGen       total 129536K, used 38926K [0x0000000081e00000, 0x0000000089c80000, 0x00000000d5f80000)
  object space 129536K, 30% used [0x0000000081e00000,0x0000000084403b88,0x0000000089c80000)
 Metaspace       used 8340K, capacity 8433K, committed 8704K, reserved 1056768K
  class space    used 871K, capacity 915K, committed 1024K, reserved 1048576K

Card table byte_map: [0x0000000011bf0000,0x0000000011ff0000] byte_map_base: 0x00000000117e1000

Marking Bits: (ParMarkBitMap*) 0x000000005e4a12b0
 Begin Bits: [0x0000000012d40000, 0x0000000014cc8000)
 End Bits:   [0x0000000014cc8000, 0x0000000016c50000)

Polling page: 0x0000000000330000

CodeCache: size=245760Kb used=2523Kb max_used=2535Kb free=243236Kb
 bounds [0x0000000002830000, 0x0000000002ab0000, 0x0000000011830000]
 total_blobs=1061 nmethods=557 adapters=418
 compilation: enabled

Compilation events (10 events):
Event: 0.951 Thread 0x0000000058c08800  556 %     4       sun.java2d.loops.OpaqueCopyAnyToArgb::Blit @ 144 (234 bytes)
Event: 0.953 Thread 0x0000000057a4f000 nmethod 555 0x0000000002a82550 code [0x0000000002a826a0, 0x0000000002a82998]
Event: 0.953 Thread 0x0000000057a4f000  557       4       sun.java2d.loops.OpaqueCopyArgbToAny::Blit (232 bytes)
Event: 0.954 Thread 0x0000000058c12800 nmethod 554% 0x0000000002aa1010 code [0x0000000002aa1c00, 0x0000000002aa7208]
Event: 0.959 Thread 0x0000000058c08800 nmethod 556% 0x0000000002a97010 code [0x0000000002a971c0, 0x0000000002a97c28]
Event: 0.961 Thread 0x0000000058c12800  558       3       java.lang.ref.Finalizer::register (10 bytes)
Event: 0.962 Thread 0x0000000058c12800 nmethod 558 0x0000000002a77dd0 code [0x0000000002a77f60, 0x0000000002a78368]
Event: 0.962 Thread 0x0000000058c12800  559       3       java.lang.ref.Finalizer::<init> (23 bytes)
Event: 0.962 Thread 0x0000000058c12800 nmethod 559 0x0000000002a77790 code [0x0000000002a77920, 0x0000000002a77c88]
Event: 0.962 Thread 0x0000000057a4f000 nmethod 557 0x0000000002aabc90 code [0x0000000002aabe80, 0x0000000002aac850]

GC Heap History (10 events):
Event: 0.853 GC heap before
{Heap before GC invocations=9 (full 0):
 PSYoungGen      total 9728K, used 8768K [0x00000000d5f80000, 0x00000000d6a80000, 0x0000000100000000)
  eden space 8192K, 100% used [0x00000000d5f80000,0x00000000d6780000,0x00000000d6780000)
  from space 1536K, 37% used [0x00000000d6900000,0x00000000d6990000,0x00000000d6a80000)
  to   space 1536K, 0% used [0x00000000d6780000,0x00000000d6780000,0x00000000d6900000)
 ParOldGen       total 129536K, used 38398K [0x0000000081e00000, 0x0000000089c80000, 0x00000000d5f80000)
  object space 129536K, 29% used [0x0000000081e00000,0x000000008437fb78,0x0000000089c80000)
 Metaspace       used 8302K, capacity 8433K, committed 8704K, reserved 1056768K
  class space    used 868K, capacity 915K, committed 1024K, reserved 1048576K
Event: 0.863 GC heap after
Heap after GC invocations=9 (full 0):
 PSYoungGen      total 9728K, used 160K [0x00000000d5f80000, 0x00000000d6f80000, 0x0000000100000000)
  eden space 8192K, 0% used [0x00000000d5f80000,0x00000000d5f80000,0x00000000d6780000)
  from space 1536K, 10% used [0x00000000d6780000,0x00000000d67a8000,0x00000000d6900000)
  to   space 1536K, 0% used [0x00000000d6e00000,0x00000000d6e00000,0x00000000d6f80000)
 ParOldGen       total 129536K, used 38782K [0x0000000081e00000, 0x0000000089c80000, 0x00000000d5f80000)
  object space 129536K, 29% used [0x0000000081e00000,0x00000000843dfb88,0x0000000089c80000)
 Metaspace       used 8302K, capacity 8433K, committed 8704K, reserved 1056768K
  class space    used 868K, capacity 915K, committed 1024K, reserved 1048576K
}
Event: 0.872 GC heap before
{Heap before GC invocations=10 (full 0):
 PSYoungGen      total 9728K, used 8352K [0x00000000d5f80000, 0x00000000d6f80000, 0x0000000100000000)
  eden space 8192K, 100% used [0x00000000d5f80000,0x00000000d6780000,0x00000000d6780000)
  from space 1536K, 10% used [0x00000000d6780000,0x00000000d67a8000,0x00000000d6900000)
  to   space 1536K, 0% used [0x00000000d6e00000,0x00000000d6e00000,0x00000000d6f80000)
 ParOldGen       total 129536K, used 38782K [0x0000000081e00000, 0x0000000089c80000, 0x00000000d5f80000)
  object space 129536K, 29% used [0x0000000081e00000,0x00000000843dfb88,0x0000000089c80000)
 Metaspace       used 8302K, capacity 8433K, committed 8704K, reserved 1056768K
  class space    used 868K, capacity 915K, committed 1024K, reserved 1048576K
Event: 0.891 GC heap after
Heap after GC invocations=10 (full 0):
 PSYoungGen      total 14848K, used 0K [0x00000000d5f80000, 0x00000000d6f80000, 0x0000000100000000)
  eden space 13312K, 0% used [0x00000000d5f80000,0x00000000d5f80000,0x00000000d6c80000)
  from space 1536K, 0% used [0x00000000d6e00000,0x00000000d6e00000,0x00000000d6f80000)
  to   space 1536K, 0% used [0x00000000d6c80000,0x00000000d6c80000,0x00000000d6e00000)
 ParOldGen       total 129536K, used 38926K [0x0000000081e00000, 0x0000000089c80000, 0x00000000d5f80000)
  object space 129536K, 30% used [0x0000000081e00000,0x0000000084403b88,0x0000000089c80000)
 Metaspace       used 8302K, capacity 8433K, committed 8704K, reserved 1056768K
  class space    used 868K, capacity 915K, committed 1024K, reserved 1048576K
}
Event: 0.906 GC heap before
{Heap before GC invocations=11 (full 0):
 PSYoungGen      total 14848K, used 13312K [0x00000000d5f80000, 0x00000000d6f80000, 0x0000000100000000)
  eden space 13312K, 100% used [0x00000000d5f80000,0x00000000d6c80000,0x00000000d6c80000)
  from space 1536K, 0% used [0x00000000d6e00000,0x00000000d6e00000,0x00000000d6f80000)
  to   space 1536K, 0% used [0x00000000d6c80000,0x00000000d6c80000,0x00000000d6e00000)
 ParOldGen       total 129536K, used 38926K [0x0000000081e00000, 0x0000000089c80000, 0x00000000d5f80000)
  object space 129536K, 30% used [0x0000000081e00000,0x0000000084403b88,0x0000000089c80000)
 Metaspace       used 8302K, capacity 8433K, committed 8704K, reserved 1056768K
  class space    used 868K, capacity 915K, committed 1024K, reserved 1048576K
Event: 0.906 GC heap after
Heap after GC invocations=11 (full 0):
 PSYoungGen      total 14848K, used 0K [0x00000000d5f80000, 0x00000000d7780000, 0x0000000100000000)
  eden space 13312K, 0% used [0x00000000d5f80000,0x00000000d5f80000,0x00000000d6c80000)
  from space 1536K, 0% used [0x00000000d6c80000,0x00000000d6c80000,0x00000000d6e00000)
  to   space 1536K, 0% used [0x00000000d7600000,0x00000000d7600000,0x00000000d7780000)
 ParOldGen       total 129536K, used 38926K [0x0000000081e00000, 0x0000000089c80000, 0x00000000d5f80000)
  object space 129536K, 30% used [0x0000000081e00000,0x0000000084403b88,0x0000000089c80000)
 Metaspace       used 8302K, capacity 8433K, committed 8704K, reserved 1056768K
  class space    used 868K, capacity 915K, committed 1024K, reserved 1048576K
}
Event: 0.920 GC heap before
{Heap before GC invocations=12 (full 0):
 PSYoungGen      total 14848K, used 13312K [0x00000000d5f80000, 0x00000000d7780000, 0x0000000100000000)
  eden space 13312K, 100% used [0x00000000d5f80000,0x00000000d6c80000,0x00000000d6c80000)
  from space 1536K, 0% used [0x00000000d6c80000,0x00000000d6c80000,0x00000000d6e00000)
  to   space 1536K, 0% used [0x00000000d7600000,0x00000000d7600000,0x00000000d7780000)
 ParOldGen       total 129536K, used 38926K [0x0000000081e00000, 0x0000000089c80000, 0x00000000d5f80000)
  object space 129536K, 30% used [0x0000000081e00000,0x0000000084403b88,0x0000000089c80000)
 Metaspace       used 8302K, capacity 8433K, committed 8704K, reserved 1056768K
  class space    used 868K, capacity 915K, committed 1024K, reserved 1048576K
Event: 0.920 GC heap after
Heap after GC invocations=12 (full 0):
 PSYoungGen      total 23040K, used 0K [0x00000000d5f80000, 0x00000000d7780000, 0x0000000100000000)
  eden space 21504K, 0% used [0x00000000d5f80000,0x00000000d5f80000,0x00000000d7480000)
  from space 1536K, 0% used [0x00000000d7600000,0x00000000d7600000,0x00000000d7780000)
  to   space 1536K, 0% used [0x00000000d7480000,0x00000000d7480000,0x00000000d7600000)
 ParOldGen       total 129536K, used 38926K [0x0000000081e00000, 0x0000000089c80000, 0x00000000d5f80000)
  object space 129536K, 30% used [0x0000000081e00000,0x0000000084403b88,0x0000000089c80000)
 Metaspace       used 8302K, capacity 8433K, committed 8704K, reserved 1056768K
  class space    used 868K, capacity 915K, committed 1024K, reserved 1048576K
}
Event: 0.944 GC heap before
{Heap before GC invocations=13 (full 0):
 PSYoungGen      total 23040K, used 21504K [0x00000000d5f80000, 0x00000000d7780000, 0x0000000100000000)
  eden space 21504K, 100% used [0x00000000d5f80000,0x00000000d7480000,0x00000000d7480000)
  from space 1536K, 0% used [0x00000000d7600000,0x00000000d7600000,0x00000000d7780000)
  to   space 1536K, 0% used [0x00000000d7480000,0x00000000d7480000,0x00000000d7600000)
 ParOldGen       total 129536K, used 38926K [0x0000000081e00000, 0x0000000089c80000, 0x00000000d5f80000)
  object space 129536K, 30% used [0x0000000081e00000,0x0000000084403b88,0x0000000089c80000)
 Metaspace       used 8302K, capacity 8433K, committed 8704K, reserved 1056768K
  class space    used 868K, capacity 915K, committed 1024K, reserved 1048576K
Event: 0.944 GC heap after
Heap after GC invocations=13 (full 0):
 PSYoungGen      total 23040K, used 0K [0x00000000d5f80000, 0x00000000d8480000, 0x0000000100000000)
  eden space 21504K, 0% used [0x00000000d5f80000,0x00000000d5f80000,0x00000000d7480000)
  from space 1536K, 0% used [0x00000000d7480000,0x00000000d7480000,0x00000000d7600000)
  to   space 1536K, 0% used [0x00000000d8300000,0x00000000d8300000,0x00000000d8480000)
 ParOldGen       total 129536K, used 38926K [0x0000000081e00000, 0x0000000089c80000, 0x00000000d5f80000)
  object space 129536K, 30% used [0x0000000081e00000,0x0000000084403b88,0x0000000089c80000)
 Metaspace       used 8302K, capacity 8433K, committed 8704K, reserved 1056768K
  class space    used 868K, capacity 915K, committed 1024K, reserved 1048576K
}

Deoptimization events (2 events):
Event: 0.949 Thread 0x000000000227e000 Uncommon trap: reason=unreached action=reinterpret pc=0x0000000002a9ea4c method=java.awt.image.ComponentColorModel.getDataElements(ILjava/lang/Object;)Ljava/lang/Object; @ 2993
Event: 0.950 Thread 0x000000000227e000 Uncommon trap: reason=unreached action=reinterpret pc=0x0000000002a76564 method=sun.awt.image.ByteInterleavedRaster.getDataElements(IILjava/lang/Object;)Ljava/lang/Object; @ 43

Internal exceptions (10 events):
Event: 0.512 Thread 0x000000000227e000 Exception <a 'java/lang/NoSuchFieldError': method resolution failed> (0x00000000d6054f38) thrown at [C:\re\workspace\8-2-build-windows-amd64-cygwin\jdk8u11\648\hotspot\src\share\vm\prims\methodHandles.cpp, line 1159]
Event: 0.512 Thread 0x000000000227e000 Exception <a 'java/lang/NoSuchFieldError': method resolution failed> (0x00000000d6058098) thrown at [C:\re\workspace\8-2-build-windows-amd64-cygwin\jdk8u11\648\hotspot\src\share\vm\prims\methodHandles.cpp, line 1159]
Event: 0.713 Thread 0x000000000227e000 Exception <a 'java/io/FileNotFoundException'> (0x00000000d625ecd0) thrown at [C:\re\workspace\8-2-build-windows-amd64-cygwin\jdk8u11\648\hotspot\src\share\vm\prims\jni.cpp, line 716]
Event: 0.949 Thread 0x000000000227e000 Implicit null exception at 0x0000000002a9b07a to 0x0000000002a9ea35
Event: 0.950 Thread 0x000000000227e000 Implicit null exception at 0x0000000002a763b6 to 0x0000000002a76549
Event: 0.961 Thread 0x000000000227e000 Exception <a 'java/security/PrivilegedActionException'> (0x00000000d64964c8) thrown at [C:\re\workspace\8-2-build-windows-amd64-cygwin\jdk8u11\648\hotspot\src\share\vm\prims\jvm.cpp, line 1248]
Event: 0.966 Thread 0x000000000227e000 Exception <a 'java/security/PrivilegedActionException'> (0x00000000d649e4f0) thrown at [C:\re\workspace\8-2-build-windows-amd64-cygwin\jdk8u11\648\hotspot\src\share\vm\prims\jvm.cpp, line 1248]
Event: 0.968 Thread 0x000000000227e000 Exception <a 'java/security/PrivilegedActionException'> (0x00000000d64aabd8) thrown at [C:\re\workspace\8-2-build-windows-amd64-cygwin\jdk8u11\648\hotspot\src\share\vm\prims\jvm.cpp, line 1248]
Event: 0.968 Thread 0x000000000227e000 Exception <a 'java/security/PrivilegedActionException'> (0x00000000d64acdb8) thrown at [C:\re\workspace\8-2-build-windows-amd64-cygwin\jdk8u11\648\hotspot\src\share\vm\prims\jvm.cpp, line 1248]
Event: 0.968 Thread 0x000000000227e000 Exception <a 'java/security/PrivilegedActionException'> (0x00000000d64b2408) thrown at [C:\re\workspace\8-2-build-windows-amd64-cygwin\jdk8u11\648\hotspot\src\share\vm\prims\jvm.cpp, line 1248]

Events (10 events):
Event: 0.961 loading class org/lwjgl/opengl/GLChecks
Event: 0.961 loading class org/lwjgl/opengl/GLChecks done
Event: 0.966 loading class org/lwjgl/util/glu/GLU
Event: 0.966 loading class org/lwjgl/util/glu/GLU done
Event: 0.968 loading class org/lwjgl/util/glu/GLUtessellator
Event: 0.968 loading class org/lwjgl/util/glu/GLUtessellator done
Event: 0.968 loading class org/lwjgl/util/glu/Project
Event: 0.968 loading class org/lwjgl/util/glu/Project done
Event: 0.968 loading class org/lwjgl/util/glu/Util
Event: 0.968 loading class org/lwjgl/util/glu/Util done


Dynamic libraries:
0x000000013f240000 - 0x000000013f274000 	C:\Program Files\Java\jdk1.8.0_11\bin\java.exe
0x0000000077bf0000 - 0x0000000077d99000 	C:\Windows\SYSTEM32\ntdll.dll
0x00000000779d0000 - 0x0000000077aef000 	C:\Windows\system32\kernel32.dll
0x000007fefdd00000 - 0x000007fefdd6c000 	C:\Windows\system32\KERNELBASE.dll
0x000007fefe270000 - 0x000007fefe34b000 	C:\Windows\system32\ADVAPI32.dll
0x000007fefddc0000 - 0x000007fefde5f000 	C:\Windows\system32\msvcrt.dll
0x000007feff800000 - 0x000007feff81f000 	C:\Windows\SYSTEM32\sechost.dll
0x000007fefe140000 - 0x000007fefe26d000 	C:\Windows\system32\RPCRT4.dll
0x0000000077af0000 - 0x0000000077bea000 	C:\Windows\system32\USER32.dll
0x000007feffdb0000 - 0x000007feffe17000 	C:\Windows\system32\GDI32.dll
0x000007fefe3f0000 - 0x000007fefe3fe000 	C:\Windows\system32\LPK.dll
0x000007feffc60000 - 0x000007feffd29000 	C:\Windows\system32\USP10.dll
0x000007fefc5b0000 - 0x000007fefc7a4000 	C:\Windows\WinSxS\amd64_microsoft.windows.common-controls_6595b64144ccf1df_6.0.7601.17514_none_fa396087175ac9ac\COMCTL32.dll
0x000007feffd30000 - 0x000007feffda1000 	C:\Windows\system32\SHLWAPI.dll
0x000007fefea40000 - 0x000007fefea6e000 	C:\Windows\system32\IMM32.DLL
0x000007fefe030000 - 0x000007fefe139000 	C:\Windows\system32\MSCTF.dll
0x000000005ec70000 - 0x000000005ed42000 	C:\Program Files\Java\jdk1.8.0_11\jre\bin\msvcr100.dll
0x000000005dcf0000 - 0x000000005e51a000 	C:\Program Files\Java\jdk1.8.0_11\jre\bin\server\jvm.dll
0x000007fef8790000 - 0x000007fef8799000 	C:\Windows\system32\WSOCK32.dll
0x000007fefdfd0000 - 0x000007fefe01d000 	C:\Windows\system32\WS2_32.dll
0x000007fefe020000 - 0x000007fefe028000 	C:\Windows\system32\NSI.dll
0x000007fef9800000 - 0x000007fef983b000 	C:\Windows\system32\WINMM.dll
0x0000000077dc0000 - 0x0000000077dc7000 	C:\Windows\system32\PSAPI.DLL
0x000000005ec20000 - 0x000000005ec2f000 	C:\Program Files\Java\jdk1.8.0_11\jre\bin\verify.dll
0x000000005ebf0000 - 0x000000005ec18000 	C:\Program Files\Java\jdk1.8.0_11\jre\bin\java.dll
0x000000005ebd0000 - 0x000000005ebe6000 	C:\Program Files\Java\jdk1.8.0_11\jre\bin\zip.dll
0x000007fefea70000 - 0x000007feff7f8000 	C:\Windows\system32\SHELL32.dll
0x000007fefe830000 - 0x000007fefea33000 	C:\Windows\system32\ole32.dll
0x000007fefda00000 - 0x000007fefda0f000 	C:\Windows\system32\profapi.dll
0x0000000180000000 - 0x0000000180051000 	C:\Users\otso\Documents\LWJGL\lwjgl-2.9.1\native\windows\lwjgl64.dll
0x000007feea330000 - 0x000007feea44d000 	C:\Windows\system32\OPENGL32.dll
0x000007feea300000 - 0x000007feea32d000 	C:\Windows\system32\GLU32.dll
0x000007feea200000 - 0x000007feea2f1000 	C:\Windows\system32\DDRAW.dll
0x000007feea1f0000 - 0x000007feea1f8000 	C:\Windows\system32\DCIMAN32.dll
0x000007feffa80000 - 0x000007feffc57000 	C:\Windows\system32\SETUPAPI.dll
0x000007fefda20000 - 0x000007fefda56000 	C:\Windows\system32\CFGMGR32.dll
0x000007feffe20000 - 0x000007feffef7000 	C:\Windows\system32\OLEAUT32.dll
0x000007fefdd90000 - 0x000007fefddaa000 	C:\Windows\system32\DEVOBJ.dll
0x000007fefbbc0000 - 0x000007fefbbd8000 	C:\Windows\system32\dwmapi.dll
0x000007fefcad0000 - 0x000007fefcadc000 	C:\Windows\system32\VERSION.dll
0x000007fefbfa0000 - 0x000007fefbff6000 	C:\Windows\system32\uxtheme.dll
0x000007fef3f10000 - 0x000007fef3f21000 	C:\Program Files (x86)\Dexpot\hooxpot64.dll
0x000007feea1d0000 - 0x000007feea1e8000 	C:\Windows\system32\atig6pxx.dll
0x000000005acc0000 - 0x000000005c804000 	C:\Windows\system32\atio6axx.dll
0x000007fefafe0000 - 0x000007fefb117000 	C:\Windows\system32\atiadlxx.dll
0x000007fefc040000 - 0x000007fefc16c000 	C:\Windows\system32\PROPSYS.dll
0x000007fefdbe0000 - 0x000007fefdbfe000 	C:\Windows\system32\USERENV.dll
0x000007fefcae0000 - 0x000007fefcaf1000 	C:\Windows\system32\WTSAPI32.dll
0x000007fefaf90000 - 0x000007fefafb7000 	C:\Windows\system32\IPHLPAPI.DLL
0x000007fefaf80000 - 0x000007fefaf8b000 	C:\Windows\system32\WINNSI.DLL
0x000007fefdc00000 - 0x000007fefdc3b000 	C:\Windows\system32\WINTRUST.dll
0x000007fefda70000 - 0x000007fefdbdd000 	C:\Windows\system32\CRYPT32.dll
0x000007fefda10000 - 0x000007fefda1f000 	C:\Windows\system32\MSASN1.dll
0x000007feea010000 - 0x000007feea039000 	C:\Windows\system32\atig6txx.dll
0x000007fefd860000 - 0x000007fefd86f000 	C:\Windows\system32\CRYPTBASE.dll
0x000007fefe790000 - 0x000007fefe829000 	C:\Windows\system32\CLBCatQ.DLL
0x000007fee5c40000 - 0x000007fee5cdc000 	C:\Windows\system32\mscms.dll
0x000007fee5ba0000 - 0x000007fee5be2000 	C:\Windows\system32\icm32.dll
0x000000005e9f0000 - 0x000000005eb86000 	C:\Program Files\Java\jdk1.8.0_11\jre\bin\awt.dll
0x000007fefd3f0000 - 0x000007fefd408000 	C:\Windows\system32\CRYPTSP.dll
0x000007fefcdc0000 - 0x000007fefce07000 	C:\Windows\system32\rsaenh.dll
0x000000005ebb0000 - 0x000000005ebca000 	C:\Program Files\Java\jdk1.8.0_11\jre\bin\net.dll
0x000007fefd1a0000 - 0x000007fefd1f5000 	C:\Windows\system32\mswsock.dll
0x000007fefd190000 - 0x000007fefd197000 	C:\Windows\System32\wship6.dll
0x000007fefae10000 - 0x000007fefae21000 	C:\Windows\system32\dhcpcsvc6.DLL
0x000007fefadf0000 - 0x000007fefae08000 	C:\Windows\system32\dhcpcsvc.DLL
0x000000005eb90000 - 0x000000005eba1000 	C:\Program Files\Java\jdk1.8.0_11\jre\bin\nio.dll
0x0000000070090000 - 0x00000000700c0000 	C:\Program Files\Java\jdk1.8.0_11\jre\bin\jpeg.dll
0x0000000070130000 - 0x000000007016c000 	C:\Program Files\Java\jdk1.8.0_11\jre\bin\lcms.dll
0x000007fef65a0000 - 0x000007fef66c5000 	C:\Windows\system32\dbghelp.dll

VM Arguments:
jvm_args: -Dfile.encoding=UTF-8 -Djava.library.path=C:\Users\otso\Documents\LWJGL\lwjgl-2.9.1\native\windows 
java_command: freeat.Main
java_class_path (initial): C:\Users\otso\Documents\LWJGL\lwjgl-2.9.1\jar\jinput.jar;C:\Users\otso\Documents\LWJGL\lwjgl-2.9.1\jar\lwjgl.jar;C:\Users\otso\Documents\LWJGL\lwjgl-2.9.1\jar\lwjgl_util.jar;C:\Users\otso\Documents\Java libraries\slick-util.jar;C:\Users\otso\Documents\Java libraries\slick.jar;C:\Users\otso\Documents\NetBeansProjects\FreeAT\build\classes
Launcher Type: SUN_STANDARD

Environment Variables:
PATH=C:\ProgramData\Oracle\Java\javapath;C:\Program Files (x86)\NVIDIA Corporation\PhysX\Common;C:\Program Files (x86)\Intel\iCLS Client\;C:\Program Files\Intel\iCLS Client\;C:\Windows\system32;C:\Windows;C:\Windows\System32\Wbem;C:\Windows\System32\WindowsPowerShell\v1.0\;C:\Program Files\Intel\Intel(R) Management Engine Components\DAL;C:\Program Files (x86)\Intel\Intel(R) Management Engine Components\DAL;C:\Program Files\Intel\Intel(R) Management Engine Components\IPT;C:\Program Files (x86)\Intel\Intel(R) Management Engine Components\IPT;C:\Program Files (x86)\ATI Technologies\ATI.ACE\Core-Static;C:\cygwin\bin;C:\Program Files (x86)\Windows Kits\8.1\Windows Performance Toolkit\;C:\Program Files\Microsoft SQL Server\110\Tools\Binn\;C:\Program Files (x86)\Microsoft SDKs\TypeScript\1.0\
USERNAME=otso
OS=Windows_NT
PROCESSOR_IDENTIFIER=Intel64 Family 6 Model 60 Stepping 3, GenuineIntel



---------------  S Y S T E M  ---------------

OS: Windows 7 , 64 bit Build 7601 Service Pack 1

CPU:total 8 (4 cores per cpu, 2 threads per core) family 6 model 60 stepping 3, cmov, cx8, fxsr, mmx, sse, sse2, sse3, ssse3, sse4.1, sse4.2, popcnt, avx, avx2, aes, clmul, erms, ht, tsc, tscinvbit

Memory: 4k page, physical 8263612k(3390256k free), swap 16525360k(10024476k free)

vm_info: Java HotSpot(TM) 64-Bit Server VM (25.11-b03) for windows-amd64 JRE (1.8.0_11-b12), built on Jun 16 2014 20:57:32 by "java_re" with MS VC++ 10.0 (VS2010)

time: Mon Nov 10 11:09:57 2014
elapsed time: 1 seconds

