#
# A fatal error has been detected by the Java Runtime Environment:
#
#  EXCEPTION_ACCESS_VIOLATION (0xc0000005) at pc=0x000000005ae323e0, pid=5236, tid=1396
#
# JRE version: Java(TM) SE Runtime Environment (8.0_11-b12) (build 1.8.0_11-b12)
# Java VM: Java HotSpot(TM) 64-Bit Server VM (25.11-b03 mixed mode windows-amd64 compressed oops)
# Problematic frame:
# C  [atio6axx.dll+0x3323e0]
#
# Failed to write core dump. Minidumps are not enabled by default on client versions of Windows
#
# If you would like to submit a bug report, please visit:
#   http://bugreport.sun.com/bugreport/crash.jsp
# The crash happened outside the Java Virtual Machine in native code.
# See problematic frame for where to report the bug.
#

---------------  T H R E A D  ---------------

Current thread (0x0000000001d6e000):  JavaThread "main" [_thread_in_native, id=1396, stack(0x0000000002420000,0x0000000002520000)]

siginfo: ExceptionCode=0xc0000005, reading address 0x0000000000000000

Registers:
RAX=0x0000000000000010, RBX=0x0000000000000001, RCX=0x000000006480d000, RDX=0x000000006480d040
RSP=0x000000000251eb00, RBP=0x0000000000000003, RSI=0x0000000000000004, RDI=0x000000006480d000
R8 =0x000000006480d039, R9 =0x0000000000000000, R10=0x000000005c495908, R11=0x0000000000000000
R12=0x000000005c495698, R13=0x0000000000000040, R14=0x0000000000000003, R15=0x0000000000000010
RIP=0x000000005ae323e0, EFLAGS=0x0000000000010293

Top of Stack: (sp=0x000000000251eb00)
0x000000000251eb00:   00000000603433f0 000000000001d000
0x000000000251eb10:   0000000000000040 0000000060358490
0x000000000251eb20:   0000000060349f80 000000005b59c0ad
0x000000000251eb30:   0000000000000001 0000000060349f80
0x000000000251eb40:   000000005c495040 0000000000000000
0x000000000251eb50:   0000000060349f80 000000005b59cb4c
0x000000000251eb60:   00000000602e78a0 0000000060358490
0x000000000251eb70:   0000000060343f90 000000005b59d5a7
0x000000000251eb80:   000000006009f850 00000000003f51e0
0x000000000251eb90:   64726f6f63786574 000000005d9f6d70
0x000000000251eba0:   00000000602e78a0 000000000251ec60
0x000000000251ebb0:   0000000000000000 0000000000000000
0x000000000251ebc0:   000000005d2f6b90 0000000000000000
0x000000000251ebd0:   000000005ab00000 00000000003f51e0
0x000000000251ebe0:   000000000251ecf0 000000005b59d5a7
0x000000000251ebf0:   000000006009f850 00000000003f51e0 

Instructions: (pc=0x000000005ae323e0)
0x000000005ae323c0:   d1 e8 aa e7 ee ff e9 65 01 00 00 41 8b d5 48 03
0x000000005ae323d0:   d7 4c 8d 42 f9 49 3b f8 73 1a 66 0f 1f 44 00 00
0x000000005ae323e0:   49 8b 01 48 83 c1 08 49 83 c1 08 48 89 41 f8 49
0x000000005ae323f0:   3b c8 72 ec 4c 8d 42 fd 49 3b c8 73 16 0f 1f 00 


Register to memory mapping:

RAX=0x0000000000000010 is an unknown value
RBX=0x0000000000000001 is an unknown value
RCX=0x000000006480d000 is an unknown value
RDX=0x000000006480d040 is an unknown value
RSP=0x000000000251eb00 is pointing into the stack for thread: 0x0000000001d6e000
RBP=0x0000000000000003 is an unknown value
RSI=0x0000000000000004 is an unknown value
RDI=0x000000006480d000 is an unknown value
R8 =0x000000006480d039 is an unknown value
R9 =0x0000000000000000 is an unknown value
R10=0x000000005c495908 is an unknown value
R11=0x0000000000000000 is an unknown value
R12=0x000000005c495698 is an unknown value
R13=0x0000000000000040 is an unknown value
R14=0x0000000000000003 is an unknown value
R15=0x0000000000000010 is an unknown value


Stack: [0x0000000002420000,0x0000000002520000],  sp=0x000000000251eb00,  free space=1018k
Native frames: (J=compiled Java code, j=interpreted, Vv=VM code, C=native code)
C  [atio6axx.dll+0x3323e0]
C  [atio6axx.dll+0x32fa5d]
C  [atio6axx.dll+0x2b37b5]
C  [atio6axx.dll+0x541049]
C  0x000000000280518e

Java frames: (J=compiled Java code, j=interpreted, Vv=VM code)
j  org.lwjgl.opengl.GL11.nglDrawArrays(IIIJ)V+0
j  org.lwjgl.opengl.GL11.glDrawArrays(III)V+20
j  freeat.Main.render()V+50
j  freeat.Main.gameLoop()V+61
j  freeat.Main.main([Ljava/lang/String;)V+45
v  ~StubRoutines::call_stub

---------------  P R O C E S S  ---------------

Java Threads: ( => current thread )
  0x000000006070f800 JavaThread "Java2D Disposer" daemon [_thread_blocked, id=5428, stack(0x0000000061f00000,0x0000000062000000)]
  0x0000000058b91800 JavaThread "Service Thread" daemon [_thread_blocked, id=3572, stack(0x000000005a740000,0x000000005a840000)]
  0x0000000058b13800 JavaThread "C1 CompilerThread3" daemon [_thread_blocked, id=6964, stack(0x000000005a1c0000,0x000000005a2c0000)]
  0x0000000058b11000 JavaThread "C2 CompilerThread2" daemon [_thread_blocked, id=3820, stack(0x000000005a570000,0x000000005a670000)]
  0x0000000058b0f800 JavaThread "C2 CompilerThread1" daemon [_thread_blocked, id=7000, stack(0x000000005a300000,0x000000005a400000)]
  0x0000000058b08800 JavaThread "C2 CompilerThread0" daemon [_thread_blocked, id=2536, stack(0x000000005a0b0000,0x000000005a1b0000)]
  0x0000000058b04800 JavaThread "Attach Listener" daemon [_thread_blocked, id=2952, stack(0x0000000059f70000,0x000000005a070000)]
  0x0000000058b03000 JavaThread "Signal Dispatcher" daemon [_thread_blocked, id=3264, stack(0x0000000059cf0000,0x0000000059df0000)]
  0x0000000057b5b800 JavaThread "Finalizer" daemon [_thread_blocked, id=4788, stack(0x0000000059e30000,0x0000000059f30000)]
  0x0000000058ab3800 JavaThread "Reference Handler" daemon [_thread_blocked, id=1308, stack(0x0000000059bc0000,0x0000000059cc0000)]
=>0x0000000001d6e000 JavaThread "main" [_thread_in_native, id=1396, stack(0x0000000002420000,0x0000000002520000)]

Other Threads:
  0x0000000058ab0800 VMThread [stack: 0x0000000059a80000,0x0000000059b80000] [id=6880]
  0x0000000058b92800 WatcherThread [stack: 0x000000005a890000,0x000000005a990000] [id=6824]

VM state:not at safepoint (normal execution)

VM Mutex/Monitor currently owned by a thread: None

Heap:
 PSYoungGen      total 23040K, used 5596K [0x00000000d5f80000, 0x00000000d8480000, 0x0000000100000000)
  eden space 21504K, 26% used [0x00000000d5f80000,0x00000000d64f7150,0x00000000d7480000)
  from space 1536K, 0% used [0x00000000d7480000,0x00000000d7480000,0x00000000d7600000)
  to   space 1536K, 0% used [0x00000000d8300000,0x00000000d8300000,0x00000000d8480000)
 ParOldGen       total 129536K, used 38933K [0x0000000081e00000, 0x0000000089c80000, 0x00000000d5f80000)
  object space 129536K, 30% used [0x0000000081e00000,0x0000000084405438,0x0000000089c80000)
 Metaspace       used 8340K, capacity 8433K, committed 8704K, reserved 1056768K
  class space    used 871K, capacity 915K, committed 1024K, reserved 1048576K

Card table byte_map: [0x0000000011bb0000,0x0000000011fb0000] byte_map_base: 0x00000000117a1000

Marking Bits: (ParMarkBitMap*) 0x000000005e4a12b0
 Begin Bits: [0x0000000012e60000, 0x0000000014de8000)
 End Bits:   [0x0000000014de8000, 0x0000000016d70000)

Polling page: 0x0000000000530000

CodeCache: size=245760Kb used=2519Kb max_used=2530Kb free=243240Kb
 bounds [0x00000000027f0000, 0x0000000002a70000, 0x00000000117f0000]
 total_blobs=1058 nmethods=554 adapters=418
 compilation: enabled

Compilation events (10 events):
Event: 0.973 Thread 0x0000000058b08800  552       4       sun.java2d.loops.OpaqueCopyArgbToAny::Blit (232 bytes)
Event: 0.973 Thread 0x0000000058b13800 nmethod 549 0x0000000002a60010 code [0x0000000002a60c00, 0x0000000002a660c8]
Event: 0.979 Thread 0x0000000058b11000 nmethod 551% 0x0000000002a55e90 code [0x0000000002a56040, 0x0000000002a56b68]
Event: 0.981 Thread 0x0000000058b13800  553       3       java.lang.ref.Finalizer::register (10 bytes)
Event: 0.981 Thread 0x0000000058b13800 nmethod 553 0x0000000002a36dd0 code [0x0000000002a36f60, 0x0000000002a37368]
Event: 0.981 Thread 0x0000000058b13800  554       3       java.lang.ref.Finalizer::<init> (23 bytes)
Event: 0.982 Thread 0x0000000058b13800 nmethod 554 0x0000000002a36790 code [0x0000000002a36920, 0x0000000002a36c88]
Event: 0.982 Thread 0x0000000058b08800 nmethod 552 0x0000000002a6a910 code [0x0000000002a6ab00, 0x0000000002a6b4d0]
Event: 0.987 Thread 0x0000000058b0f800  555       4       java.lang.String::<init> (62 bytes)
Event: 0.989 Thread 0x0000000058b0f800 nmethod 555 0x0000000002a36210 code [0x0000000002a36360, 0x0000000002a365d8]

GC Heap History (10 events):
Event: 0.886 GC heap before
{Heap before GC invocations=9 (full 0):
 PSYoungGen      total 9728K, used 8832K [0x00000000d5f80000, 0x00000000d6a80000, 0x0000000100000000)
  eden space 8192K, 100% used [0x00000000d5f80000,0x00000000d6780000,0x00000000d6780000)
  from space 1536K, 41% used [0x00000000d6900000,0x00000000d69a0000,0x00000000d6a80000)
  to   space 1536K, 0% used [0x00000000d6780000,0x00000000d6780000,0x00000000d6900000)
 ParOldGen       total 129536K, used 38405K [0x0000000081e00000, 0x0000000089c80000, 0x00000000d5f80000)
  object space 129536K, 29% used [0x0000000081e00000,0x0000000084381428,0x0000000089c80000)
 Metaspace       used 8302K, capacity 8433K, committed 8704K, reserved 1056768K
  class space    used 868K, capacity 915K, committed 1024K, reserved 1048576K
Event: 0.893 GC heap after
Heap after GC invocations=9 (full 0):
 PSYoungGen      total 9728K, used 192K [0x00000000d5f80000, 0x00000000d6f80000, 0x0000000100000000)
  eden space 8192K, 0% used [0x00000000d5f80000,0x00000000d5f80000,0x00000000d6780000)
  from space 1536K, 12% used [0x00000000d6780000,0x00000000d67b0000,0x00000000d6900000)
  to   space 1536K, 0% used [0x00000000d6e00000,0x00000000d6e00000,0x00000000d6f80000)
 ParOldGen       total 129536K, used 38789K [0x0000000081e00000, 0x0000000089c80000, 0x00000000d5f80000)
  object space 129536K, 29% used [0x0000000081e00000,0x00000000843e1438,0x0000000089c80000)
 Metaspace       used 8302K, capacity 8433K, committed 8704K, reserved 1056768K
  class space    used 868K, capacity 915K, committed 1024K, reserved 1048576K
}
Event: 0.902 GC heap before
{Heap before GC invocations=10 (full 0):
 PSYoungGen      total 9728K, used 8384K [0x00000000d5f80000, 0x00000000d6f80000, 0x0000000100000000)
  eden space 8192K, 100% used [0x00000000d5f80000,0x00000000d6780000,0x00000000d6780000)
  from space 1536K, 12% used [0x00000000d6780000,0x00000000d67b0000,0x00000000d6900000)
  to   space 1536K, 0% used [0x00000000d6e00000,0x00000000d6e00000,0x00000000d6f80000)
 ParOldGen       total 129536K, used 38789K [0x0000000081e00000, 0x0000000089c80000, 0x00000000d5f80000)
  object space 129536K, 29% used [0x0000000081e00000,0x00000000843e1438,0x0000000089c80000)
 Metaspace       used 8302K, capacity 8433K, committed 8704K, reserved 1056768K
  class space    used 868K, capacity 915K, committed 1024K, reserved 1048576K
Event: 0.909 GC heap after
Heap after GC invocations=10 (full 0):
 PSYoungGen      total 14848K, used 0K [0x00000000d5f80000, 0x00000000d6f80000, 0x0000000100000000)
  eden space 13312K, 0% used [0x00000000d5f80000,0x00000000d5f80000,0x00000000d6c80000)
  from space 1536K, 0% used [0x00000000d6e00000,0x00000000d6e00000,0x00000000d6f80000)
  to   space 1536K, 0% used [0x00000000d6c80000,0x00000000d6c80000,0x00000000d6e00000)
 ParOldGen       total 129536K, used 38933K [0x0000000081e00000, 0x0000000089c80000, 0x00000000d5f80000)
  object space 129536K, 30% used [0x0000000081e00000,0x0000000084405438,0x0000000089c80000)
 Metaspace       used 8302K, capacity 8433K, committed 8704K, reserved 1056768K
  class space    used 868K, capacity 915K, committed 1024K, reserved 1048576K
}
Event: 0.925 GC heap before
{Heap before GC invocations=11 (full 0):
 PSYoungGen      total 14848K, used 13312K [0x00000000d5f80000, 0x00000000d6f80000, 0x0000000100000000)
  eden space 13312K, 100% used [0x00000000d5f80000,0x00000000d6c80000,0x00000000d6c80000)
  from space 1536K, 0% used [0x00000000d6e00000,0x00000000d6e00000,0x00000000d6f80000)
  to   space 1536K, 0% used [0x00000000d6c80000,0x00000000d6c80000,0x00000000d6e00000)
 ParOldGen       total 129536K, used 38933K [0x0000000081e00000, 0x0000000089c80000, 0x00000000d5f80000)
  object space 129536K, 30% used [0x0000000081e00000,0x0000000084405438,0x0000000089c80000)
 Metaspace       used 8302K, capacity 8433K, committed 8704K, reserved 1056768K
  class space    used 868K, capacity 915K, committed 1024K, reserved 1048576K
Event: 0.925 GC heap after
Heap after GC invocations=11 (full 0):
 PSYoungGen      total 14848K, used 0K [0x00000000d5f80000, 0x00000000d7780000, 0x0000000100000000)
  eden space 13312K, 0% used [0x00000000d5f80000,0x00000000d5f80000,0x00000000d6c80000)
  from space 1536K, 0% used [0x00000000d6c80000,0x00000000d6c80000,0x00000000d6e00000)
  to   space 1536K, 0% used [0x00000000d7600000,0x00000000d7600000,0x00000000d7780000)
 ParOldGen       total 129536K, used 38933K [0x0000000081e00000, 0x0000000089c80000, 0x00000000d5f80000)
  object space 129536K, 30% used [0x0000000081e00000,0x0000000084405438,0x0000000089c80000)
 Metaspace       used 8302K, capacity 8433K, committed 8704K, reserved 1056768K
  class space    used 868K, capacity 915K, committed 1024K, reserved 1048576K
}
Event: 0.940 GC heap before
{Heap before GC invocations=12 (full 0):
 PSYoungGen      total 14848K, used 13312K [0x00000000d5f80000, 0x00000000d7780000, 0x0000000100000000)
  eden space 13312K, 100% used [0x00000000d5f80000,0x00000000d6c80000,0x00000000d6c80000)
  from space 1536K, 0% used [0x00000000d6c80000,0x00000000d6c80000,0x00000000d6e00000)
  to   space 1536K, 0% used [0x00000000d7600000,0x00000000d7600000,0x00000000d7780000)
 ParOldGen       total 129536K, used 38933K [0x0000000081e00000, 0x0000000089c80000, 0x00000000d5f80000)
  object space 129536K, 30% used [0x0000000081e00000,0x0000000084405438,0x0000000089c80000)
 Metaspace       used 8302K, capacity 8433K, committed 8704K, reserved 1056768K
  class space    used 868K, capacity 915K, committed 1024K, reserved 1048576K
Event: 0.940 GC heap after
Heap after GC invocations=12 (full 0):
 PSYoungGen      total 23040K, used 0K [0x00000000d5f80000, 0x00000000d7780000, 0x0000000100000000)
  eden space 21504K, 0% used [0x00000000d5f80000,0x00000000d5f80000,0x00000000d7480000)
  from space 1536K, 0% used [0x00000000d7600000,0x00000000d7600000,0x00000000d7780000)
  to   space 1536K, 0% used [0x00000000d7480000,0x00000000d7480000,0x00000000d7600000)
 ParOldGen       total 129536K, used 38933K [0x0000000081e00000, 0x0000000089c80000, 0x00000000d5f80000)
  object space 129536K, 30% used [0x0000000081e00000,0x0000000084405438,0x0000000089c80000)
 Metaspace       used 8302K, capacity 8433K, committed 8704K, reserved 1056768K
  class space    used 868K, capacity 915K, committed 1024K, reserved 1048576K
}
Event: 0.963 GC heap before
{Heap before GC invocations=13 (full 0):
 PSYoungGen      total 23040K, used 21504K [0x00000000d5f80000, 0x00000000d7780000, 0x0000000100000000)
  eden space 21504K, 100% used [0x00000000d5f80000,0x00000000d7480000,0x00000000d7480000)
  from space 1536K, 0% used [0x00000000d7600000,0x00000000d7600000,0x00000000d7780000)
  to   space 1536K, 0% used [0x00000000d7480000,0x00000000d7480000,0x00000000d7600000)
 ParOldGen       total 129536K, used 38933K [0x0000000081e00000, 0x0000000089c80000, 0x00000000d5f80000)
  object space 129536K, 30% used [0x0000000081e00000,0x0000000084405438,0x0000000089c80000)
 Metaspace       used 8302K, capacity 8433K, committed 8704K, reserved 1056768K
  class space    used 868K, capacity 915K, committed 1024K, reserved 1048576K
Event: 0.964 GC heap after
Heap after GC invocations=13 (full 0):
 PSYoungGen      total 23040K, used 0K [0x00000000d5f80000, 0x00000000d8480000, 0x0000000100000000)
  eden space 21504K, 0% used [0x00000000d5f80000,0x00000000d5f80000,0x00000000d7480000)
  from space 1536K, 0% used [0x00000000d7480000,0x00000000d7480000,0x00000000d7600000)
  to   space 1536K, 0% used [0x00000000d8300000,0x00000000d8300000,0x00000000d8480000)
 ParOldGen       total 129536K, used 38933K [0x0000000081e00000, 0x0000000089c80000, 0x00000000d5f80000)
  object space 129536K, 30% used [0x0000000081e00000,0x0000000084405438,0x0000000089c80000)
 Metaspace       used 8302K, capacity 8433K, committed 8704K, reserved 1056768K
  class space    used 868K, capacity 915K, committed 1024K, reserved 1048576K
}

Deoptimization events (2 events):
Event: 0.969 Thread 0x0000000001d6e000 Uncommon trap: reason=unreached action=reinterpret pc=0x0000000002a5da4c method=java.awt.image.ComponentColorModel.getDataElements(ILjava/lang/Object;)Ljava/lang/Object; @ 2993
Event: 0.969 Thread 0x0000000001d6e000 Uncommon trap: reason=unreached action=reinterpret pc=0x0000000002a35564 method=sun.awt.image.ByteInterleavedRaster.getDataElements(IILjava/lang/Object;)Ljava/lang/Object; @ 43

Internal exceptions (10 events):
Event: 0.556 Thread 0x0000000001d6e000 Exception <a 'java/lang/NoSuchFieldError': method resolution failed> (0x00000000d6057ee0) thrown at [C:\re\workspace\8-2-build-windows-amd64-cygwin\jdk8u11\648\hotspot\src\share\vm\prims\methodHandles.cpp, line 1159]
Event: 0.557 Thread 0x0000000001d6e000 Exception <a 'java/lang/NoSuchFieldError': method resolution failed> (0x00000000d605b040) thrown at [C:\re\workspace\8-2-build-windows-amd64-cygwin\jdk8u11\648\hotspot\src\share\vm\prims\methodHandles.cpp, line 1159]
Event: 0.748 Thread 0x0000000001d6e000 Exception <a 'java/io/FileNotFoundException'> (0x00000000d62620f0) thrown at [C:\re\workspace\8-2-build-windows-amd64-cygwin\jdk8u11\648\hotspot\src\share\vm\prims\jni.cpp, line 716]
Event: 0.969 Thread 0x0000000001d6e000 Implicit null exception at 0x0000000002a5a07a to 0x0000000002a5da35
Event: 0.969 Thread 0x0000000001d6e000 Implicit null exception at 0x0000000002a353b6 to 0x0000000002a35549
Event: 0.981 Thread 0x0000000001d6e000 Exception <a 'java/security/PrivilegedActionException'> (0x00000000d6499970) thrown at [C:\re\workspace\8-2-build-windows-amd64-cygwin\jdk8u11\648\hotspot\src\share\vm\prims\jvm.cpp, line 1248]
Event: 0.986 Thread 0x0000000001d6e000 Exception <a 'java/security/PrivilegedActionException'> (0x00000000d64a1998) thrown at [C:\re\workspace\8-2-build-windows-amd64-cygwin\jdk8u11\648\hotspot\src\share\vm\prims\jvm.cpp, line 1248]
Event: 0.987 Thread 0x0000000001d6e000 Exception <a 'java/security/PrivilegedActionException'> (0x00000000d64ae080) thrown at [C:\re\workspace\8-2-build-windows-amd64-cygwin\jdk8u11\648\hotspot\src\share\vm\prims\jvm.cpp, line 1248]
Event: 0.987 Thread 0x0000000001d6e000 Exception <a 'java/security/PrivilegedActionException'> (0x00000000d64b0260) thrown at [C:\re\workspace\8-2-build-windows-amd64-cygwin\jdk8u11\648\hotspot\src\share\vm\prims\jvm.cpp, line 1248]
Event: 0.988 Thread 0x0000000001d6e000 Exception <a 'java/security/PrivilegedActionException'> (0x00000000d64b58b0) thrown at [C:\re\workspace\8-2-build-windows-amd64-cygwin\jdk8u11\648\hotspot\src\share\vm\prims\jvm.cpp, line 1248]

Events (10 events):
Event: 0.981 loading class org/lwjgl/opengl/GLChecks
Event: 0.981 loading class org/lwjgl/opengl/GLChecks done
Event: 0.986 loading class org/lwjgl/util/glu/GLU
Event: 0.986 loading class org/lwjgl/util/glu/GLU done
Event: 0.987 loading class org/lwjgl/util/glu/GLUtessellator
Event: 0.987 loading class org/lwjgl/util/glu/GLUtessellator done
Event: 0.987 loading class org/lwjgl/util/glu/Project
Event: 0.987 loading class org/lwjgl/util/glu/Project done
Event: 0.988 loading class org/lwjgl/util/glu/Util
Event: 0.988 loading class org/lwjgl/util/glu/Util done


Dynamic libraries:
0x000000013fe10000 - 0x000000013fe44000 	C:\Program Files\Java\jdk1.8.0_11\bin\java.exe
0x0000000077bf0000 - 0x0000000077d99000 	C:\Windows\SYSTEM32\ntdll.dll
0x00000000779d0000 - 0x0000000077aef000 	C:\Windows\system32\kernel32.dll
0x000007fefdd00000 - 0x000007fefdd6c000 	C:\Windows\system32\KERNELBASE.dll
0x000007fefe270000 - 0x000007fefe34b000 	C:\Windows\system32\ADVAPI32.dll
0x000007fefddc0000 - 0x000007fefde5f000 	C:\Windows\system32\msvcrt.dll
0x000007feff800000 - 0x000007feff81f000 	C:\Windows\SYSTEM32\sechost.dll
0x000007fefe140000 - 0x000007fefe26d000 	C:\Windows\system32\RPCRT4.dll
0x0000000077af0000 - 0x0000000077bea000 	C:\Windows\system32\USER32.dll
0x000007feffdb0000 - 0x000007feffe17000 	C:\Windows\system32\GDI32.dll
0x000007fefe3f0000 - 0x000007fefe3fe000 	C:\Windows\system32\LPK.dll
0x000007feffc60000 - 0x000007feffd29000 	C:\Windows\system32\USP10.dll
0x000007fefc5b0000 - 0x000007fefc7a4000 	C:\Windows\WinSxS\amd64_microsoft.windows.common-controls_6595b64144ccf1df_6.0.7601.17514_none_fa396087175ac9ac\COMCTL32.dll
0x000007feffd30000 - 0x000007feffda1000 	C:\Windows\system32\SHLWAPI.dll
0x000007fefea40000 - 0x000007fefea6e000 	C:\Windows\system32\IMM32.DLL
0x000007fefe030000 - 0x000007fefe139000 	C:\Windows\system32\MSCTF.dll
0x000000005ec70000 - 0x000000005ed42000 	C:\Program Files\Java\jdk1.8.0_11\jre\bin\msvcr100.dll
0x000000005dcf0000 - 0x000000005e51a000 	C:\Program Files\Java\jdk1.8.0_11\jre\bin\server\jvm.dll
0x000007fef8790000 - 0x000007fef8799000 	C:\Windows\system32\WSOCK32.dll
0x000007fefdfd0000 - 0x000007fefe01d000 	C:\Windows\system32\WS2_32.dll
0x000007fefe020000 - 0x000007fefe028000 	C:\Windows\system32\NSI.dll
0x000007fef9800000 - 0x000007fef983b000 	C:\Windows\system32\WINMM.dll
0x0000000077dc0000 - 0x0000000077dc7000 	C:\Windows\system32\PSAPI.DLL
0x000000005ec20000 - 0x000000005ec2f000 	C:\Program Files\Java\jdk1.8.0_11\jre\bin\verify.dll
0x000000005ebf0000 - 0x000000005ec18000 	C:\Program Files\Java\jdk1.8.0_11\jre\bin\java.dll
0x000000005ebd0000 - 0x000000005ebe6000 	C:\Program Files\Java\jdk1.8.0_11\jre\bin\zip.dll
0x000007fefea70000 - 0x000007feff7f8000 	C:\Windows\system32\SHELL32.dll
0x000007fefe830000 - 0x000007fefea33000 	C:\Windows\system32\ole32.dll
0x000007fefda00000 - 0x000007fefda0f000 	C:\Windows\system32\profapi.dll
0x0000000180000000 - 0x0000000180051000 	C:\Users\otso\Documents\LWJGL\lwjgl-2.9.1\native\windows\lwjgl64.dll
0x000007feea330000 - 0x000007feea44d000 	C:\Windows\system32\OPENGL32.dll
0x000007feea300000 - 0x000007feea32d000 	C:\Windows\system32\GLU32.dll
0x000007feea200000 - 0x000007feea2f1000 	C:\Windows\system32\DDRAW.dll
0x000007feea1f0000 - 0x000007feea1f8000 	C:\Windows\system32\DCIMAN32.dll
0x000007feffa80000 - 0x000007feffc57000 	C:\Windows\system32\SETUPAPI.dll
0x000007fefda20000 - 0x000007fefda56000 	C:\Windows\system32\CFGMGR32.dll
0x000007feffe20000 - 0x000007feffef7000 	C:\Windows\system32\OLEAUT32.dll
0x000007fefdd90000 - 0x000007fefddaa000 	C:\Windows\system32\DEVOBJ.dll
0x000007fefbbc0000 - 0x000007fefbbd8000 	C:\Windows\system32\dwmapi.dll
0x000007fefcad0000 - 0x000007fefcadc000 	C:\Windows\system32\VERSION.dll
0x000007fefbfa0000 - 0x000007fefbff6000 	C:\Windows\system32\uxtheme.dll
0x000007fef3f10000 - 0x000007fef3f21000 	C:\Program Files (x86)\Dexpot\hooxpot64.dll
0x000007feea1d0000 - 0x000007feea1e8000 	C:\Windows\system32\atig6pxx.dll
0x000000005ab00000 - 0x000000005c644000 	C:\Windows\system32\atio6axx.dll
0x000007fefafe0000 - 0x000007fefb117000 	C:\Windows\system32\atiadlxx.dll
0x000007fefc040000 - 0x000007fefc16c000 	C:\Windows\system32\PROPSYS.dll
0x000007fefdbe0000 - 0x000007fefdbfe000 	C:\Windows\system32\USERENV.dll
0x000007fefcae0000 - 0x000007fefcaf1000 	C:\Windows\system32\WTSAPI32.dll
0x000007fefaf90000 - 0x000007fefafb7000 	C:\Windows\system32\IPHLPAPI.DLL
0x000007fefaf80000 - 0x000007fefaf8b000 	C:\Windows\system32\WINNSI.DLL
0x000007fefdc00000 - 0x000007fefdc3b000 	C:\Windows\system32\WINTRUST.dll
0x000007fefda70000 - 0x000007fefdbdd000 	C:\Windows\system32\CRYPT32.dll
0x000007fefda10000 - 0x000007fefda1f000 	C:\Windows\system32\MSASN1.dll
0x000007feea010000 - 0x000007feea039000 	C:\Windows\system32\atig6txx.dll
0x000007fefd860000 - 0x000007fefd86f000 	C:\Windows\system32\CRYPTBASE.dll
0x000007fefe790000 - 0x000007fefe829000 	C:\Windows\system32\CLBCatQ.DLL
0x000007fee5c40000 - 0x000007fee5cdc000 	C:\Windows\system32\mscms.dll
0x000007fee5ba0000 - 0x000007fee5be2000 	C:\Windows\system32\icm32.dll
0x000000005e9f0000 - 0x000000005eb86000 	C:\Program Files\Java\jdk1.8.0_11\jre\bin\awt.dll
0x000007fefd3f0000 - 0x000007fefd408000 	C:\Windows\system32\CRYPTSP.dll
0x000007fefcdc0000 - 0x000007fefce07000 	C:\Windows\system32\rsaenh.dll
0x000000005ebb0000 - 0x000000005ebca000 	C:\Program Files\Java\jdk1.8.0_11\jre\bin\net.dll
0x000007fefd1a0000 - 0x000007fefd1f5000 	C:\Windows\system32\mswsock.dll
0x000007fefd190000 - 0x000007fefd197000 	C:\Windows\System32\wship6.dll
0x000007fefae10000 - 0x000007fefae21000 	C:\Windows\system32\dhcpcsvc6.DLL
0x000007fefadf0000 - 0x000007fefae08000 	C:\Windows\system32\dhcpcsvc.DLL
0x000000005eb90000 - 0x000000005eba1000 	C:\Program Files\Java\jdk1.8.0_11\jre\bin\nio.dll
0x000000006fc20000 - 0x000000006fc50000 	C:\Program Files\Java\jdk1.8.0_11\jre\bin\jpeg.dll
0x000000006f310000 - 0x000000006f34c000 	C:\Program Files\Java\jdk1.8.0_11\jre\bin\lcms.dll
0x000007fef65a0000 - 0x000007fef66c5000 	C:\Windows\system32\dbghelp.dll

VM Arguments:
jvm_args: -Dfile.encoding=UTF-8 -Djava.library.path=C:\Users\otso\Documents\LWJGL\lwjgl-2.9.1\native\windows 
java_command: freeat.Main
java_class_path (initial): C:\Users\otso\Documents\LWJGL\lwjgl-2.9.1\jar\jinput.jar;C:\Users\otso\Documents\LWJGL\lwjgl-2.9.1\jar\lwjgl.jar;C:\Users\otso\Documents\LWJGL\lwjgl-2.9.1\jar\lwjgl_util.jar;C:\Users\otso\Documents\Java libraries\slick-util.jar;C:\Users\otso\Documents\Java libraries\slick.jar;C:\Users\otso\Documents\NetBeansProjects\FreeAT\build\classes
Launcher Type: SUN_STANDARD

Environment Variables:
PATH=C:\ProgramData\Oracle\Java\javapath;C:\Program Files (x86)\NVIDIA Corporation\PhysX\Common;C:\Program Files (x86)\Intel\iCLS Client\;C:\Program Files\Intel\iCLS Client\;C:\Windows\system32;C:\Windows;C:\Windows\System32\Wbem;C:\Windows\System32\WindowsPowerShell\v1.0\;C:\Program Files\Intel\Intel(R) Management Engine Components\DAL;C:\Program Files (x86)\Intel\Intel(R) Management Engine Components\DAL;C:\Program Files\Intel\Intel(R) Management Engine Components\IPT;C:\Program Files (x86)\Intel\Intel(R) Management Engine Components\IPT;C:\Program Files (x86)\ATI Technologies\ATI.ACE\Core-Static;C:\cygwin\bin;C:\Program Files (x86)\Windows Kits\8.1\Windows Performance Toolkit\;C:\Program Files\Microsoft SQL Server\110\Tools\Binn\;C:\Program Files (x86)\Microsoft SDKs\TypeScript\1.0\
USERNAME=otso
OS=Windows_NT
PROCESSOR_IDENTIFIER=Intel64 Family 6 Model 60 Stepping 3, GenuineIntel



---------------  S Y S T E M  ---------------

OS: Windows 7 , 64 bit Build 7601 Service Pack 1

CPU:total 8 (4 cores per cpu, 2 threads per core) family 6 model 60 stepping 3, cmov, cx8, fxsr, mmx, sse, sse2, sse3, ssse3, sse4.1, sse4.2, popcnt, avx, avx2, aes, clmul, erms, ht, tsc, tscinvbit

Memory: 4k page, physical 8263612k(3006752k free), swap 16525360k(9507096k free)

vm_info: Java HotSpot(TM) 64-Bit Server VM (25.11-b03) for windows-amd64 JRE (1.8.0_11-b12), built on Jun 16 2014 20:57:32 by "java_re" with MS VC++ 10.0 (VS2010)

time: Mon Nov 10 11:13:48 2014
elapsed time: 1 seconds

