#
# A fatal error has been detected by the Java Runtime Environment:
#
#  EXCEPTION_ACCESS_VIOLATION (0xc0000005) at pc=0x000000005af323e0, pid=6212, tid=3344
#
# JRE version: Java(TM) SE Runtime Environment (8.0_11-b12) (build 1.8.0_11-b12)
# Java VM: Java HotSpot(TM) 64-Bit Server VM (25.11-b03 mixed mode windows-amd64 compressed oops)
# Problematic frame:
# C  [atio6axx.dll+0x3323e0]
#
# Failed to write core dump. Minidumps are not enabled by default on client versions of Windows
#
# If you would like to submit a bug report, please visit:
#   http://bugreport.sun.com/bugreport/crash.jsp
# The crash happened outside the Java Virtual Machine in native code.
# See problematic frame for where to report the bug.
#

---------------  T H R E A D  ---------------

Current thread (0x0000000001d9e000):  JavaThread "main" [_thread_in_native, id=3344, stack(0x0000000002370000,0x0000000002470000)]

siginfo: ExceptionCode=0xc0000005, reading address 0x0000000000000000

Registers:
RAX=0x0000000000000010, RBX=0x0000000000000001, RCX=0x000000005e53d000, RDX=0x000000005e53d040
RSP=0x000000000246ec30, RBP=0x0000000000000003, RSI=0x0000000000000004, RDI=0x000000005e53d000
R8 =0x000000005e53d039, R9 =0x0000000000000000, R10=0x000000005c595908, R11=0x0000000000000000
R12=0x000000005c595698, R13=0x0000000000000040, R14=0x0000000000000003, R15=0x0000000000000010
RIP=0x000000005af323e0, EFLAGS=0x0000000000010293

Top of Stack: (sp=0x000000000246ec30)
0x000000000246ec30:   0000000060359610 000000000001d000
0x000000000246ec40:   0000000000000040 0000000060340990
0x000000000246ec50:   000000006034d5c0 000000005b69c0ad
0x000000000246ec60:   0000000000000001 000000006034d5c0
0x000000000246ec70:   000000005c595040 0000000000000000
0x000000000246ec80:   000000006034d5c0 000000005b69cb4c
0x000000000246ec90:   00000000602e5e30 0000000060340990
0x000000000246eca0:   000000006035a1b0 000000005b69d5a7
0x000000000246ecb0:   0000000060096b80 00000000004951e0
0x000000000246ecc0:   64726f6f63786574 000000005d9f6d70
0x000000000246ecd0:   00000000602e5e30 000000000246ed90
0x000000000246ece0:   0000000000000000 0000000000000000
0x000000000246ecf0:   000000005d1f6b90 0000000000000000
0x000000000246ed00:   000000005ac00000 00000000004951e0
0x000000000246ed10:   000000000246ee20 000000005b69d5a7
0x000000000246ed20:   0000000060096b80 00000000004951e0 

Instructions: (pc=0x000000005af323e0)
0x000000005af323c0:   d1 e8 aa e7 ee ff e9 65 01 00 00 41 8b d5 48 03
0x000000005af323d0:   d7 4c 8d 42 f9 49 3b f8 73 1a 66 0f 1f 44 00 00
0x000000005af323e0:   49 8b 01 48 83 c1 08 49 83 c1 08 48 89 41 f8 49
0x000000005af323f0:   3b c8 72 ec 4c 8d 42 fd 49 3b c8 73 16 0f 1f 00 


Register to memory mapping:

RAX=0x0000000000000010 is an unknown value
RBX=0x0000000000000001 is an unknown value
RCX=0x000000005e53d000 is an unknown value
RDX=0x000000005e53d040 is an unknown value
RSP=0x000000000246ec30 is pointing into the stack for thread: 0x0000000001d9e000
RBP=0x0000000000000003 is an unknown value
RSI=0x0000000000000004 is an unknown value
RDI=0x000000005e53d000 is an unknown value
R8 =0x000000005e53d039 is an unknown value
R9 =0x0000000000000000 is an unknown value
R10=0x000000005c595908 is an unknown value
R11=0x0000000000000000 is an unknown value
R12=0x000000005c595698 is an unknown value
R13=0x0000000000000040 is an unknown value
R14=0x0000000000000003 is an unknown value
R15=0x0000000000000010 is an unknown value


Stack: [0x0000000002370000,0x0000000002470000],  sp=0x000000000246ec30,  free space=1019k
Native frames: (J=compiled Java code, j=interpreted, Vv=VM code, C=native code)
C  [atio6axx.dll+0x3323e0]
C  [atio6axx.dll+0x32fa5d]
C  [atio6axx.dll+0x2b37b5]
C  [atio6axx.dll+0x541049]
C  0x000000000275518e

Java frames: (J=compiled Java code, j=interpreted, Vv=VM code)
j  org.lwjgl.opengl.GL11.nglDrawArrays(IIIJ)V+0
j  org.lwjgl.opengl.GL11.glDrawArrays(III)V+20
j  freeat.Main.render()V+50
j  freeat.Main.gameLoop()V+61
j  freeat.Main.main([Ljava/lang/String;)V+45
v  ~StubRoutines::call_stub

---------------  P R O C E S S  ---------------

Java Threads: ( => current thread )
  0x00000000607bc800 JavaThread "Java2D Disposer" daemon [_thread_blocked, id=4596, stack(0x000000005ef20000,0x000000005f020000)]
  0x0000000058cfd800 JavaThread "Service Thread" daemon [_thread_blocked, id=6960, stack(0x000000005a7b0000,0x000000005a8b0000)]
  0x0000000058ca0000 JavaThread "C1 CompilerThread3" daemon [_thread_blocked, id=5468, stack(0x000000005a430000,0x000000005a530000)]
  0x0000000058c80000 JavaThread "C2 CompilerThread2" daemon [_thread_blocked, id=1312, stack(0x000000005a580000,0x000000005a680000)]
  0x0000000058c64000 JavaThread "C2 CompilerThread1" daemon [_thread_blocked, id=1460, stack(0x000000005a310000,0x000000005a410000)]
  0x0000000058c60000 JavaThread "C2 CompilerThread0" daemon [_thread_blocked, id=3632, stack(0x000000005a170000,0x000000005a270000)]
  0x0000000058c5b800 JavaThread "Attach Listener" daemon [_thread_blocked, id=5892, stack(0x00000000121b0000,0x00000000122b0000)]
  0x0000000058c5a000 JavaThread "Signal Dispatcher" daemon [_thread_blocked, id=6940, stack(0x000000005a060000,0x000000005a160000)]
  0x000000000222d800 JavaThread "Finalizer" daemon [_thread_blocked, id=6304, stack(0x0000000059b80000,0x0000000059c80000)]
  0x0000000057ba4000 JavaThread "Reference Handler" daemon [_thread_blocked, id=5260, stack(0x0000000059e10000,0x0000000059f10000)]
=>0x0000000001d9e000 JavaThread "main" [_thread_in_native, id=3344, stack(0x0000000002370000,0x0000000002470000)]

Other Threads:
  0x0000000058c13800 VMThread [stack: 0x0000000059cf0000,0x0000000059df0000] [id=5600]
  0x0000000058d06800 WatcherThread [stack: 0x000000005a980000,0x000000005aa80000] [id=3036]

VM state:not at safepoint (normal execution)

VM Mutex/Monitor currently owned by a thread: None

Heap:
 PSYoungGen      total 18944K, used 16675K [0x00000000d5f80000, 0x00000000d7e00000, 0x0000000100000000)
  eden space 17408K, 95% used [0x00000000d5f80000,0x00000000d6fc8df0,0x00000000d7080000)
  from space 1536K, 0% used [0x00000000d7080000,0x00000000d7080000,0x00000000d7200000)
  to   space 1536K, 0% used [0x00000000d7c80000,0x00000000d7c80000,0x00000000d7e00000)
 ParOldGen       total 129536K, used 38677K [0x0000000081e00000, 0x0000000089c80000, 0x00000000d5f80000)
  object space 129536K, 29% used [0x0000000081e00000,0x00000000843c55d8,0x0000000089c80000)
 Metaspace       used 8339K, capacity 8433K, committed 8704K, reserved 1056768K
  class space    used 871K, capacity 915K, committed 1024K, reserved 1048576K

Card table byte_map: [0x0000000011b00000,0x0000000011f00000] byte_map_base: 0x00000000116f1000

Marking Bits: (ParMarkBitMap*) 0x000000005e4a12b0
 Begin Bits: [0x0000000012eb0000, 0x0000000014e38000)
 End Bits:   [0x0000000014e38000, 0x0000000016dc0000)

Polling page: 0x0000000000130000

CodeCache: size=245760Kb used=2539Kb max_used=2547Kb free=243220Kb
 bounds [0x0000000002740000, 0x00000000029c0000, 0x0000000011740000]
 total_blobs=1064 nmethods=560 adapters=418
 compilation: enabled

Compilation events (10 events):
Event: 0.926 Thread 0x0000000058c80000  559       4       sun.java2d.loops.OpaqueCopyArgbToAny::Blit (232 bytes)
Event: 0.927 Thread 0x0000000058ca0000 nmethod 556 0x00000000029b55d0 code [0x00000000029b61c0, 0x00000000029bb688]
Event: 0.927 Thread 0x0000000058ca0000  557       2       sun.awt.image.ByteInterleavedRaster::getDataElements (132 bytes)
Event: 0.927 Thread 0x0000000058ca0000 nmethod 557 0x0000000002994990 code [0x0000000002994b20, 0x0000000002994ee8]
Event: 0.934 Thread 0x0000000058c60000 nmethod 558 0x00000000029ab210 code [0x00000000029ab400, 0x00000000029abed0]
Event: 0.935 Thread 0x0000000058c80000 nmethod 559 0x00000000029a9990 code [0x00000000029a9b80, 0x00000000029aa530]
Event: 0.937 Thread 0x0000000058ca0000  560       3       java.lang.ref.Finalizer::register (10 bytes)
Event: 0.938 Thread 0x0000000058ca0000 nmethod 560 0x00000000029a9210 code [0x00000000029a93a0, 0x00000000029a97a8]
Event: 0.938 Thread 0x0000000058ca0000  561       3       java.lang.ref.Finalizer::<init> (23 bytes)
Event: 0.938 Thread 0x0000000058ca0000 nmethod 561 0x0000000002998150 code [0x00000000029982e0, 0x0000000002998648]

GC Heap History (10 events):
Event: 0.831 GC heap before
{Heap before GC invocations=11 (full 0):
 PSYoungGen      total 8192K, used 6848K [0x00000000d5f80000, 0x00000000d6900000, 0x0000000100000000)
  eden space 6656K, 100% used [0x00000000d5f80000,0x00000000d6600000,0x00000000d6600000)
  from space 1536K, 12% used [0x00000000d6780000,0x00000000d67b0000,0x00000000d6900000)
  to   space 1536K, 0% used [0x00000000d6600000,0x00000000d6600000,0x00000000d6780000)
 ParOldGen       total 129536K, used 38541K [0x0000000081e00000, 0x0000000089c80000, 0x00000000d5f80000)
  object space 129536K, 29% used [0x0000000081e00000,0x00000000843a35d8,0x0000000089c80000)
 Metaspace       used 8302K, capacity 8433K, committed 8704K, reserved 1056768K
  class space    used 868K, capacity 915K, committed 1024K, reserved 1048576K
Event: 0.832 GC heap after
Heap after GC invocations=11 (full 0):
 PSYoungGen      total 8192K, used 0K [0x00000000d5f80000, 0x00000000d6d00000, 0x0000000100000000)
  eden space 6656K, 0% used [0x00000000d5f80000,0x00000000d5f80000,0x00000000d6600000)
  from space 1536K, 0% used [0x00000000d6600000,0x00000000d6600000,0x00000000d6780000)
  to   space 1536K, 0% used [0x00000000d6b80000,0x00000000d6b80000,0x00000000d6d00000)
 ParOldGen       total 129536K, used 38677K [0x0000000081e00000, 0x0000000089c80000, 0x00000000d5f80000)
  object space 129536K, 29% used [0x0000000081e00000,0x00000000843c55d8,0x0000000089c80000)
 Metaspace       used 8302K, capacity 8433K, committed 8704K, reserved 1056768K
  class space    used 868K, capacity 915K, committed 1024K, reserved 1048576K
}
Event: 0.843 GC heap before
{Heap before GC invocations=12 (full 0):
 PSYoungGen      total 8192K, used 6656K [0x00000000d5f80000, 0x00000000d6d00000, 0x0000000100000000)
  eden space 6656K, 100% used [0x00000000d5f80000,0x00000000d6600000,0x00000000d6600000)
  from space 1536K, 0% used [0x00000000d6600000,0x00000000d6600000,0x00000000d6780000)
  to   space 1536K, 0% used [0x00000000d6b80000,0x00000000d6b80000,0x00000000d6d00000)
 ParOldGen       total 129536K, used 38677K [0x0000000081e00000, 0x0000000089c80000, 0x00000000d5f80000)
  object space 129536K, 29% used [0x0000000081e00000,0x00000000843c55d8,0x0000000089c80000)
 Metaspace       used 8302K, capacity 8433K, committed 8704K, reserved 1056768K
  class space    used 868K, capacity 915K, committed 1024K, reserved 1048576K
Event: 0.854 GC heap after
Heap after GC invocations=12 (full 0):
 PSYoungGen      total 12288K, used 0K [0x00000000d5f80000, 0x00000000d6d00000, 0x0000000100000000)
  eden space 10752K, 0% used [0x00000000d5f80000,0x00000000d5f80000,0x00000000d6a00000)
  from space 1536K, 0% used [0x00000000d6b80000,0x00000000d6b80000,0x00000000d6d00000)
  to   space 1536K, 0% used [0x00000000d6a00000,0x00000000d6a00000,0x00000000d6b80000)
 ParOldGen       total 129536K, used 38677K [0x0000000081e00000, 0x0000000089c80000, 0x00000000d5f80000)
  object space 129536K, 29% used [0x0000000081e00000,0x00000000843c55d8,0x0000000089c80000)
 Metaspace       used 8302K, capacity 8433K, committed 8704K, reserved 1056768K
  class space    used 868K, capacity 915K, committed 1024K, reserved 1048576K
}
Event: 0.867 GC heap before
{Heap before GC invocations=13 (full 0):
 PSYoungGen      total 12288K, used 10752K [0x00000000d5f80000, 0x00000000d6d00000, 0x0000000100000000)
  eden space 10752K, 100% used [0x00000000d5f80000,0x00000000d6a00000,0x00000000d6a00000)
  from space 1536K, 0% used [0x00000000d6b80000,0x00000000d6b80000,0x00000000d6d00000)
  to   space 1536K, 0% used [0x00000000d6a00000,0x00000000d6a00000,0x00000000d6b80000)
 ParOldGen       total 129536K, used 38677K [0x0000000081e00000, 0x0000000089c80000, 0x00000000d5f80000)
  object space 129536K, 29% used [0x0000000081e00000,0x00000000843c55d8,0x0000000089c80000)
 Metaspace       used 8302K, capacity 8433K, committed 8704K, reserved 1056768K
  class space    used 868K, capacity 915K, committed 1024K, reserved 1048576K
Event: 0.873 GC heap after
Heap after GC invocations=13 (full 0):
 PSYoungGen      total 12288K, used 0K [0x00000000d5f80000, 0x00000000d7380000, 0x0000000100000000)
  eden space 10752K, 0% used [0x00000000d5f80000,0x00000000d5f80000,0x00000000d6a00000)
  from space 1536K, 0% used [0x00000000d6a00000,0x00000000d6a00000,0x00000000d6b80000)
  to   space 1536K, 0% used [0x00000000d7200000,0x00000000d7200000,0x00000000d7380000)
 ParOldGen       total 129536K, used 38677K [0x0000000081e00000, 0x0000000089c80000, 0x00000000d5f80000)
  object space 129536K, 29% used [0x0000000081e00000,0x00000000843c55d8,0x0000000089c80000)
 Metaspace       used 8302K, capacity 8433K, committed 8704K, reserved 1056768K
  class space    used 868K, capacity 915K, committed 1024K, reserved 1048576K
}
Event: 0.885 GC heap before
{Heap before GC invocations=14 (full 0):
 PSYoungGen      total 12288K, used 10752K [0x00000000d5f80000, 0x00000000d7380000, 0x0000000100000000)
  eden space 10752K, 100% used [0x00000000d5f80000,0x00000000d6a00000,0x00000000d6a00000)
  from space 1536K, 0% used [0x00000000d6a00000,0x00000000d6a00000,0x00000000d6b80000)
  to   space 1536K, 0% used [0x00000000d7200000,0x00000000d7200000,0x00000000d7380000)
 ParOldGen       total 129536K, used 38677K [0x0000000081e00000, 0x0000000089c80000, 0x00000000d5f80000)
  object space 129536K, 29% used [0x0000000081e00000,0x00000000843c55d8,0x0000000089c80000)
 Metaspace       used 8302K, capacity 8433K, committed 8704K, reserved 1056768K
  class space    used 868K, capacity 915K, committed 1024K, reserved 1048576K
Event: 0.886 GC heap after
Heap after GC invocations=14 (full 0):
 PSYoungGen      total 18944K, used 0K [0x00000000d5f80000, 0x00000000d7380000, 0x0000000100000000)
  eden space 17408K, 0% used [0x00000000d5f80000,0x00000000d5f80000,0x00000000d7080000)
  from space 1536K, 0% used [0x00000000d7200000,0x00000000d7200000,0x00000000d7380000)
  to   space 1536K, 0% used [0x00000000d7080000,0x00000000d7080000,0x00000000d7200000)
 ParOldGen       total 129536K, used 38677K [0x0000000081e00000, 0x0000000089c80000, 0x00000000d5f80000)
  object space 129536K, 29% used [0x0000000081e00000,0x00000000843c55d8,0x0000000089c80000)
 Metaspace       used 8302K, capacity 8433K, committed 8704K, reserved 1056768K
  class space    used 868K, capacity 915K, committed 1024K, reserved 1048576K
}
Event: 0.906 GC heap before
{Heap before GC invocations=15 (full 0):
 PSYoungGen      total 18944K, used 17408K [0x00000000d5f80000, 0x00000000d7380000, 0x0000000100000000)
  eden space 17408K, 100% used [0x00000000d5f80000,0x00000000d7080000,0x00000000d7080000)
  from space 1536K, 0% used [0x00000000d7200000,0x00000000d7200000,0x00000000d7380000)
  to   space 1536K, 0% used [0x00000000d7080000,0x00000000d7080000,0x00000000d7200000)
 ParOldGen       total 129536K, used 38677K [0x0000000081e00000, 0x0000000089c80000, 0x00000000d5f80000)
  object space 129536K, 29% used [0x0000000081e00000,0x00000000843c55d8,0x0000000089c80000)
 Metaspace       used 8302K, capacity 8433K, committed 8704K, reserved 1056768K
  class space    used 868K, capacity 915K, committed 1024K, reserved 1048576K
Event: 0.907 GC heap after
Heap after GC invocations=15 (full 0):
 PSYoungGen      total 18944K, used 0K [0x00000000d5f80000, 0x00000000d7e00000, 0x0000000100000000)
  eden space 17408K, 0% used [0x00000000d5f80000,0x00000000d5f80000,0x00000000d7080000)
  from space 1536K, 0% used [0x00000000d7080000,0x00000000d7080000,0x00000000d7200000)
  to   space 1536K, 0% used [0x00000000d7c80000,0x00000000d7c80000,0x00000000d7e00000)
 ParOldGen       total 129536K, used 38677K [0x0000000081e00000, 0x0000000089c80000, 0x00000000d5f80000)
  object space 129536K, 29% used [0x0000000081e00000,0x00000000843c55d8,0x0000000089c80000)
 Metaspace       used 8302K, capacity 8433K, committed 8704K, reserved 1056768K
  class space    used 868K, capacity 915K, committed 1024K, reserved 1048576K
}

Deoptimization events (2 events):
Event: 0.923 Thread 0x0000000001d9e000 Uncommon trap: reason=unreached action=reinterpret pc=0x00000000029b300c method=java.awt.image.ComponentColorModel.getDataElements(ILjava/lang/Object;)Ljava/lang/Object; @ 2993
Event: 0.923 Thread 0x0000000001d9e000 Uncommon trap: reason=unreached action=reinterpret pc=0x00000000029891e4 method=sun.awt.image.ByteInterleavedRaster.getDataElements(IILjava/lang/Object;)Ljava/lang/Object; @ 43

Internal exceptions (10 events):
Event: 0.495 Thread 0x0000000001d9e000 Exception <a 'java/lang/NoSuchFieldError': method resolution failed> (0x00000000d6153fc0) thrown at [C:\re\workspace\8-2-build-windows-amd64-cygwin\jdk8u11\648\hotspot\src\share\vm\prims\methodHandles.cpp, line 1159]
Event: 0.495 Thread 0x0000000001d9e000 Exception <a 'java/lang/NoSuchFieldError': method resolution failed> (0x00000000d6157138) thrown at [C:\re\workspace\8-2-build-windows-amd64-cygwin\jdk8u11\648\hotspot\src\share\vm\prims\methodHandles.cpp, line 1159]
Event: 0.694 Thread 0x0000000001d9e000 Exception <a 'java/io/FileNotFoundException'> (0x00000000d6141408) thrown at [C:\re\workspace\8-2-build-windows-amd64-cygwin\jdk8u11\648\hotspot\src\share\vm\prims\jni.cpp, line 716]
Event: 0.923 Thread 0x0000000001d9e000 Implicit null exception at 0x00000000029af63a to 0x00000000029b2ff5
Event: 0.923 Thread 0x0000000001d9e000 Implicit null exception at 0x0000000002989036 to 0x00000000029891c9
Event: 0.937 Thread 0x0000000001d9e000 Exception <a 'java/security/PrivilegedActionException'> (0x00000000d6f785b0) thrown at [C:\re\workspace\8-2-build-windows-amd64-cygwin\jdk8u11\648\hotspot\src\share\vm\prims\jvm.cpp, line 1248]
Event: 0.944 Thread 0x0000000001d9e000 Exception <a 'java/security/PrivilegedActionException'> (0x00000000d6f805d8) thrown at [C:\re\workspace\8-2-build-windows-amd64-cygwin\jdk8u11\648\hotspot\src\share\vm\prims\jvm.cpp, line 1248]
Event: 0.945 Thread 0x0000000001d9e000 Exception <a 'java/security/PrivilegedActionException'> (0x00000000d6f8ccc0) thrown at [C:\re\workspace\8-2-build-windows-amd64-cygwin\jdk8u11\648\hotspot\src\share\vm\prims\jvm.cpp, line 1248]
Event: 0.945 Thread 0x0000000001d9e000 Exception <a 'java/security/PrivilegedActionException'> (0x00000000d6f8eea0) thrown at [C:\re\workspace\8-2-build-windows-amd64-cygwin\jdk8u11\648\hotspot\src\share\vm\prims\jvm.cpp, line 1248]
Event: 0.945 Thread 0x0000000001d9e000 Exception <a 'java/security/PrivilegedActionException'> (0x00000000d6f944f0) thrown at [C:\re\workspace\8-2-build-windows-amd64-cygwin\jdk8u11\648\hotspot\src\share\vm\prims\jvm.cpp, line 1248]

Events (10 events):
Event: 0.937 loading class org/lwjgl/opengl/GLChecks
Event: 0.937 loading class org/lwjgl/opengl/GLChecks done
Event: 0.944 loading class org/lwjgl/util/glu/GLU
Event: 0.944 loading class org/lwjgl/util/glu/GLU done
Event: 0.945 loading class org/lwjgl/util/glu/GLUtessellator
Event: 0.945 loading class org/lwjgl/util/glu/GLUtessellator done
Event: 0.945 loading class org/lwjgl/util/glu/Project
Event: 0.945 loading class org/lwjgl/util/glu/Project done
Event: 0.945 loading class org/lwjgl/util/glu/Util
Event: 0.945 loading class org/lwjgl/util/glu/Util done


Dynamic libraries:
0x000000013fd60000 - 0x000000013fd94000 	C:\Program Files\Java\jdk1.8.0_11\bin\java.exe
0x0000000077bf0000 - 0x0000000077d99000 	C:\Windows\SYSTEM32\ntdll.dll
0x00000000779d0000 - 0x0000000077aef000 	C:\Windows\system32\kernel32.dll
0x000007fefdd00000 - 0x000007fefdd6c000 	C:\Windows\system32\KERNELBASE.dll
0x000007fefe270000 - 0x000007fefe34b000 	C:\Windows\system32\ADVAPI32.dll
0x000007fefddc0000 - 0x000007fefde5f000 	C:\Windows\system32\msvcrt.dll
0x000007feff800000 - 0x000007feff81f000 	C:\Windows\SYSTEM32\sechost.dll
0x000007fefe140000 - 0x000007fefe26d000 	C:\Windows\system32\RPCRT4.dll
0x0000000077af0000 - 0x0000000077bea000 	C:\Windows\system32\USER32.dll
0x000007feffdb0000 - 0x000007feffe17000 	C:\Windows\system32\GDI32.dll
0x000007fefe3f0000 - 0x000007fefe3fe000 	C:\Windows\system32\LPK.dll
0x000007feffc60000 - 0x000007feffd29000 	C:\Windows\system32\USP10.dll
0x000007fefc5b0000 - 0x000007fefc7a4000 	C:\Windows\WinSxS\amd64_microsoft.windows.common-controls_6595b64144ccf1df_6.0.7601.17514_none_fa396087175ac9ac\COMCTL32.dll
0x000007feffd30000 - 0x000007feffda1000 	C:\Windows\system32\SHLWAPI.dll
0x000007fefea40000 - 0x000007fefea6e000 	C:\Windows\system32\IMM32.DLL
0x000007fefe030000 - 0x000007fefe139000 	C:\Windows\system32\MSCTF.dll
0x000000005ec70000 - 0x000000005ed42000 	C:\Program Files\Java\jdk1.8.0_11\jre\bin\msvcr100.dll
0x000000005dcf0000 - 0x000000005e51a000 	C:\Program Files\Java\jdk1.8.0_11\jre\bin\server\jvm.dll
0x000007fef8790000 - 0x000007fef8799000 	C:\Windows\system32\WSOCK32.dll
0x000007fefdfd0000 - 0x000007fefe01d000 	C:\Windows\system32\WS2_32.dll
0x000007fefe020000 - 0x000007fefe028000 	C:\Windows\system32\NSI.dll
0x000007fef9800000 - 0x000007fef983b000 	C:\Windows\system32\WINMM.dll
0x0000000077dc0000 - 0x0000000077dc7000 	C:\Windows\system32\PSAPI.DLL
0x000000005ec20000 - 0x000000005ec2f000 	C:\Program Files\Java\jdk1.8.0_11\jre\bin\verify.dll
0x000000005ebf0000 - 0x000000005ec18000 	C:\Program Files\Java\jdk1.8.0_11\jre\bin\java.dll
0x000000005ebd0000 - 0x000000005ebe6000 	C:\Program Files\Java\jdk1.8.0_11\jre\bin\zip.dll
0x000007fefea70000 - 0x000007feff7f8000 	C:\Windows\system32\SHELL32.dll
0x000007fefe830000 - 0x000007fefea33000 	C:\Windows\system32\ole32.dll
0x000007fefda00000 - 0x000007fefda0f000 	C:\Windows\system32\profapi.dll
0x0000000180000000 - 0x0000000180051000 	C:\Users\otso\Documents\LWJGL\lwjgl-2.9.1\native\windows\lwjgl64.dll
0x000007feea330000 - 0x000007feea44d000 	C:\Windows\system32\OPENGL32.dll
0x000007feea300000 - 0x000007feea32d000 	C:\Windows\system32\GLU32.dll
0x000007feea200000 - 0x000007feea2f1000 	C:\Windows\system32\DDRAW.dll
0x000007feea1f0000 - 0x000007feea1f8000 	C:\Windows\system32\DCIMAN32.dll
0x000007feffa80000 - 0x000007feffc57000 	C:\Windows\system32\SETUPAPI.dll
0x000007fefda20000 - 0x000007fefda56000 	C:\Windows\system32\CFGMGR32.dll
0x000007feffe20000 - 0x000007feffef7000 	C:\Windows\system32\OLEAUT32.dll
0x000007fefdd90000 - 0x000007fefddaa000 	C:\Windows\system32\DEVOBJ.dll
0x000007fefbbc0000 - 0x000007fefbbd8000 	C:\Windows\system32\dwmapi.dll
0x000007fefcad0000 - 0x000007fefcadc000 	C:\Windows\system32\VERSION.dll
0x000007fefbfa0000 - 0x000007fefbff6000 	C:\Windows\system32\uxtheme.dll
0x000007fef3f10000 - 0x000007fef3f21000 	C:\Program Files (x86)\Dexpot\hooxpot64.dll
0x000007feea1d0000 - 0x000007feea1e8000 	C:\Windows\system32\atig6pxx.dll
0x000000005ac00000 - 0x000000005c744000 	C:\Windows\system32\atio6axx.dll
0x000007fefafe0000 - 0x000007fefb117000 	C:\Windows\system32\atiadlxx.dll
0x000007fefc040000 - 0x000007fefc16c000 	C:\Windows\system32\PROPSYS.dll
0x000007fefdbe0000 - 0x000007fefdbfe000 	C:\Windows\system32\USERENV.dll
0x000007fefcae0000 - 0x000007fefcaf1000 	C:\Windows\system32\WTSAPI32.dll
0x000007fefaf90000 - 0x000007fefafb7000 	C:\Windows\system32\IPHLPAPI.DLL
0x000007fefaf80000 - 0x000007fefaf8b000 	C:\Windows\system32\WINNSI.DLL
0x000007fefdc00000 - 0x000007fefdc3b000 	C:\Windows\system32\WINTRUST.dll
0x000007fefda70000 - 0x000007fefdbdd000 	C:\Windows\system32\CRYPT32.dll
0x000007fefda10000 - 0x000007fefda1f000 	C:\Windows\system32\MSASN1.dll
0x000007feea010000 - 0x000007feea039000 	C:\Windows\system32\atig6txx.dll
0x000007fefd860000 - 0x000007fefd86f000 	C:\Windows\system32\CRYPTBASE.dll
0x000007fefe790000 - 0x000007fefe829000 	C:\Windows\system32\CLBCatQ.DLL
0x000007fee5c40000 - 0x000007fee5cdc000 	C:\Windows\system32\mscms.dll
0x000007fee5ba0000 - 0x000007fee5be2000 	C:\Windows\system32\icm32.dll
0x000000005e9f0000 - 0x000000005eb86000 	C:\Program Files\Java\jdk1.8.0_11\jre\bin\awt.dll
0x000007fefd3f0000 - 0x000007fefd408000 	C:\Windows\system32\CRYPTSP.dll
0x000007fefcdc0000 - 0x000007fefce07000 	C:\Windows\system32\rsaenh.dll
0x000000005ebb0000 - 0x000000005ebca000 	C:\Program Files\Java\jdk1.8.0_11\jre\bin\net.dll
0x000007fefd1a0000 - 0x000007fefd1f5000 	C:\Windows\system32\mswsock.dll
0x000007fefd190000 - 0x000007fefd197000 	C:\Windows\System32\wship6.dll
0x000007fefae10000 - 0x000007fefae21000 	C:\Windows\system32\dhcpcsvc6.DLL
0x000007fefadf0000 - 0x000007fefae08000 	C:\Windows\system32\dhcpcsvc.DLL
0x000000005eb90000 - 0x000000005eba1000 	C:\Program Files\Java\jdk1.8.0_11\jre\bin\nio.dll
0x000000006fe40000 - 0x000000006fe70000 	C:\Program Files\Java\jdk1.8.0_11\jre\bin\jpeg.dll
0x000000006fda0000 - 0x000000006fddc000 	C:\Program Files\Java\jdk1.8.0_11\jre\bin\lcms.dll
0x000007fef65a0000 - 0x000007fef66c5000 	C:\Windows\system32\dbghelp.dll

VM Arguments:
jvm_args: -Dfile.encoding=UTF-8 -Djava.library.path=C:\Users\otso\Documents\LWJGL\lwjgl-2.9.1\native\windows 
java_command: freeat.Main
java_class_path (initial): C:\Users\otso\Documents\LWJGL\lwjgl-2.9.1\jar\jinput.jar;C:\Users\otso\Documents\LWJGL\lwjgl-2.9.1\jar\lwjgl.jar;C:\Users\otso\Documents\LWJGL\lwjgl-2.9.1\jar\lwjgl_util.jar;C:\Users\otso\Documents\Java libraries\slick-util.jar;C:\Users\otso\Documents\Java libraries\slick.jar;C:\Users\otso\Documents\NetBeansProjects\FreeAT\build\classes
Launcher Type: SUN_STANDARD

Environment Variables:
PATH=C:\ProgramData\Oracle\Java\javapath;C:\Program Files (x86)\NVIDIA Corporation\PhysX\Common;C:\Program Files (x86)\Intel\iCLS Client\;C:\Program Files\Intel\iCLS Client\;C:\Windows\system32;C:\Windows;C:\Windows\System32\Wbem;C:\Windows\System32\WindowsPowerShell\v1.0\;C:\Program Files\Intel\Intel(R) Management Engine Components\DAL;C:\Program Files (x86)\Intel\Intel(R) Management Engine Components\DAL;C:\Program Files\Intel\Intel(R) Management Engine Components\IPT;C:\Program Files (x86)\Intel\Intel(R) Management Engine Components\IPT;C:\Program Files (x86)\ATI Technologies\ATI.ACE\Core-Static;C:\cygwin\bin;C:\Program Files (x86)\Windows Kits\8.1\Windows Performance Toolkit\;C:\Program Files\Microsoft SQL Server\110\Tools\Binn\;C:\Program Files (x86)\Microsoft SDKs\TypeScript\1.0\
USERNAME=otso
OS=Windows_NT
PROCESSOR_IDENTIFIER=Intel64 Family 6 Model 60 Stepping 3, GenuineIntel



---------------  S Y S T E M  ---------------

OS: Windows 7 , 64 bit Build 7601 Service Pack 1

CPU:total 8 (4 cores per cpu, 2 threads per core) family 6 model 60 stepping 3, cmov, cx8, fxsr, mmx, sse, sse2, sse3, ssse3, sse4.1, sse4.2, popcnt, avx, avx2, aes, clmul, erms, ht, tsc, tscinvbit

Memory: 4k page, physical 8263612k(3407068k free), swap 16525360k(10038764k free)

vm_info: Java HotSpot(TM) 64-Bit Server VM (25.11-b03) for windows-amd64 JRE (1.8.0_11-b12), built on Jun 16 2014 20:57:32 by "java_re" with MS VC++ 10.0 (VS2010)

time: Mon Nov 10 11:08:56 2014
elapsed time: 1 seconds

