#
# A fatal error has been detected by the Java Runtime Environment:
#
#  EXCEPTION_ACCESS_VIOLATION (0xc0000005) at pc=0x000000005b3223e0, pid=4728, tid=2952
#
# JRE version: Java(TM) SE Runtime Environment (8.0_11-b12) (build 1.8.0_11-b12)
# Java VM: Java HotSpot(TM) 64-Bit Server VM (25.11-b03 mixed mode windows-amd64 compressed oops)
# Problematic frame:
# C  [atio6axx.dll+0x3323e0]
#
# Failed to write core dump. Minidumps are not enabled by default on client versions of Windows
#
# If you would like to submit a bug report, please visit:
#   http://bugreport.sun.com/bugreport/crash.jsp
# The crash happened outside the Java Virtual Machine in native code.
# See problematic frame for where to report the bug.
#

---------------  T H R E A D  ---------------

Current thread (0x00000000021ee000):  JavaThread "main" [_thread_in_native, id=2952, stack(0x00000000024a0000,0x00000000025a0000)]

siginfo: ExceptionCode=0xc0000005, reading address 0x0000000000000000

Registers:
RAX=0x0000000000000010, RBX=0x0000000000000001, RCX=0x000000006219d000, RDX=0x000000006219d040
RSP=0x000000000259eec0, RBP=0x0000000000000003, RSI=0x0000000000000004, RDI=0x000000006219d000
R8 =0x000000006219d039, R9 =0x0000000000000000, R10=0x000000005c985908, R11=0x0000000000000000
R12=0x000000005c985698, R13=0x0000000000000040, R14=0x0000000000000003, R15=0x0000000000000010
RIP=0x000000005b3223e0, EFLAGS=0x0000000000010293

Top of Stack: (sp=0x000000000259eec0)
0x000000000259eec0:   00000000603071f0 000000000001d000
0x000000000259eed0:   0000000000000040 0000000060307760
0x000000000259eee0:   0000000060315750 000000005ba8c0ad
0x000000000259eef0:   0000000000000001 0000000060315750
0x000000000259ef00:   000000005c985040 0000000000000000
0x000000000259ef10:   0000000060315750 000000005ba8cb4c
0x000000000259ef20:   00000000602eaed0 0000000060307760
0x000000000259ef30:   0000000060309250 000000005ba8d5a7
0x000000000259ef40:   0000000060096ae0 00000000001451e0
0x000000000259ef50:   64726f6f63786574 000000005e7a6fd0
0x000000000259ef60:   00000000602eaed0 000000000259f020
0x000000000259ef70:   0000000000000000 0000000000000000
0x000000000259ef80:   000000005d766ee0 0000000000000000
0x000000000259ef90:   000000005aff0000 00000000001451e0
0x000000000259efa0:   000000000259f0b0 000000005ba8d5a7
0x000000000259efb0:   0000000060096ae0 00000000001451e0 

Instructions: (pc=0x000000005b3223e0)
0x000000005b3223c0:   d1 e8 aa e7 ee ff e9 65 01 00 00 41 8b d5 48 03
0x000000005b3223d0:   d7 4c 8d 42 f9 49 3b f8 73 1a 66 0f 1f 44 00 00
0x000000005b3223e0:   49 8b 01 48 83 c1 08 49 83 c1 08 48 89 41 f8 49
0x000000005b3223f0:   3b c8 72 ec 4c 8d 42 fd 49 3b c8 73 16 0f 1f 00 


Register to memory mapping:

RAX=0x0000000000000010 is an unknown value
RBX=0x0000000000000001 is an unknown value
RCX=0x000000006219d000 is an unknown value
RDX=0x000000006219d040 is an unknown value
RSP=0x000000000259eec0 is pointing into the stack for thread: 0x00000000021ee000
RBP=0x0000000000000003 is an unknown value
RSI=0x0000000000000004 is an unknown value
RDI=0x000000006219d000 is an unknown value
R8 =0x000000006219d039 is an unknown value
R9 =0x0000000000000000 is an unknown value
R10=0x000000005c985908 is an unknown value
R11=0x0000000000000000 is an unknown value
R12=0x000000005c985698 is an unknown value
R13=0x0000000000000040 is an unknown value
R14=0x0000000000000003 is an unknown value
R15=0x0000000000000010 is an unknown value


Stack: [0x00000000024a0000,0x00000000025a0000],  sp=0x000000000259eec0,  free space=1019k
Native frames: (J=compiled Java code, j=interpreted, Vv=VM code, C=native code)
C  [atio6axx.dll+0x3323e0]
C  [atio6axx.dll+0x32fa5d]
C  [atio6axx.dll+0x2b37b5]
C  [atio6axx.dll+0x541049]
C  0x000000000288518e

Java frames: (J=compiled Java code, j=interpreted, Vv=VM code)
j  org.lwjgl.opengl.GL11.nglDrawArrays(IIIJ)V+0
j  org.lwjgl.opengl.GL11.glDrawArrays(III)V+20
j  freeat.Main.render()V+33
j  freeat.Main.gameLoop()V+61
j  freeat.Main.main([Ljava/lang/String;)V+45
v  ~StubRoutines::call_stub

---------------  P R O C E S S  ---------------

Java Threads: ( => current thread )
  0x0000000058f29000 JavaThread "Java2D Disposer" daemon [_thread_blocked, id=6864, stack(0x000000005ea90000,0x000000005eb90000)]
  0x0000000058d02800 JavaThread "Service Thread" daemon [_thread_blocked, id=5528, stack(0x0000000059da0000,0x0000000059ea0000)]
  0x0000000058c87000 JavaThread "C1 CompilerThread3" daemon [_thread_blocked, id=4064, stack(0x000000005aad0000,0x000000005abd0000)]
  0x0000000058c84800 JavaThread "C2 CompilerThread2" daemon [_thread_blocked, id=6592, stack(0x000000005a8f0000,0x000000005a9f0000)]
  0x0000000058c79800 JavaThread "C2 CompilerThread1" daemon [_thread_blocked, id=6868, stack(0x000000005a7b0000,0x000000005a8b0000)]
  0x0000000058c72000 JavaThread "C2 CompilerThread0" daemon [_thread_blocked, id=6020, stack(0x000000005a610000,0x000000005a710000)]
  0x0000000058c6d800 JavaThread "Attach Listener" daemon [_thread_blocked, id=2928, stack(0x000000005a3b0000,0x000000005a4b0000)]
  0x0000000058c6c000 JavaThread "Signal Dispatcher" daemon [_thread_blocked, id=2932, stack(0x000000005a230000,0x000000005a330000)]
  0x000000000211d800 JavaThread "Finalizer" daemon [_thread_blocked, id=4788, stack(0x000000005a060000,0x000000005a160000)]
  0x0000000057bb4000 JavaThread "Reference Handler" daemon [_thread_blocked, id=3580, stack(0x0000000059ed0000,0x0000000059fd0000)]
=>0x00000000021ee000 JavaThread "main" [_thread_in_native, id=2952, stack(0x00000000024a0000,0x00000000025a0000)]

Other Threads:
  0x0000000058c23800 VMThread [stack: 0x0000000059c80000,0x0000000059d80000] [id=6436]
  0x0000000058d03000 WatcherThread [stack: 0x000000005ac90000,0x000000005ad90000] [id=2564]

VM state:not at safepoint (normal execution)

VM Mutex/Monitor currently owned by a thread: None

Heap:
 PSYoungGen      total 23040K, used 5559K [0x00000000d5f80000, 0x00000000d8480000, 0x0000000100000000)
  eden space 21504K, 25% used [0x00000000d5f80000,0x00000000d64edc38,0x00000000d7480000)
  from space 1536K, 0% used [0x00000000d7480000,0x00000000d7480000,0x00000000d7600000)
  to   space 1536K, 0% used [0x00000000d8300000,0x00000000d8300000,0x00000000d8480000)
 ParOldGen       total 129536K, used 38899K [0x0000000081e00000, 0x0000000089c80000, 0x00000000d5f80000)
  object space 129536K, 30% used [0x0000000081e00000,0x00000000843fccb0,0x0000000089c80000)
 Metaspace       used 8320K, capacity 8433K, committed 8704K, reserved 1056768K
  class space    used 871K, capacity 915K, committed 1024K, reserved 1048576K

Card table byte_map: [0x0000000011c30000,0x0000000012030000] byte_map_base: 0x0000000011821000

Marking Bits: (ParMarkBitMap*) 0x000000005e4a12b0
 Begin Bits: [0x0000000012ec0000, 0x0000000014e48000)
 End Bits:   [0x0000000014e48000, 0x0000000016dd0000)

Polling page: 0x0000000000430000

CodeCache: size=245760Kb used=2521Kb max_used=2532Kb free=243238Kb
 bounds [0x0000000002870000, 0x0000000002af0000, 0x0000000011870000]
 total_blobs=1059 nmethods=555 adapters=418
 compilation: enabled

Compilation events (10 events):
Event: 0.982 Thread 0x0000000058c84800  553       4       sun.java2d.loops.OpaqueCopyArgbToAny::Blit (232 bytes)
Event: 0.982 Thread 0x0000000058c87000 nmethod 550 0x0000000002adf1d0 code [0x0000000002adfdc0, 0x0000000002ae5288]
Event: 0.988 Thread 0x0000000058c79800 nmethod 552% 0x0000000002ad51d0 code [0x0000000002ad5380, 0x0000000002ad5de8]
Event: 0.990 Thread 0x0000000058c87000  554       3       java.lang.ref.Finalizer::register (10 bytes)
Event: 0.990 Thread 0x0000000058c87000 nmethod 554 0x0000000002ab7c10 code [0x0000000002ab7da0, 0x0000000002ab81a8]
Event: 0.990 Thread 0x0000000058c87000  555       3       java.lang.ref.Finalizer::<init> (23 bytes)
Event: 0.991 Thread 0x0000000058c87000 nmethod 555 0x0000000002ad4b90 code [0x0000000002ad4d20, 0x0000000002ad5088]
Event: 0.991 Thread 0x0000000058c84800 nmethod 553 0x0000000002ae9ad0 code [0x0000000002ae9cc0, 0x0000000002aea690]
Event: 0.998 Thread 0x0000000058c72000  556       4       java.lang.String::<init> (62 bytes)
Event: 0.999 Thread 0x0000000058c72000 nmethod 556 0x0000000002ad41d0 code [0x0000000002ad4320, 0x0000000002ad4598]

GC Heap History (10 events):
Event: 0.873 GC heap before
{Heap before GC invocations=9 (full 0):
 PSYoungGen      total 9728K, used 8736K [0x00000000d5f80000, 0x00000000d6a80000, 0x0000000100000000)
  eden space 8192K, 100% used [0x00000000d5f80000,0x00000000d6780000,0x00000000d6780000)
  from space 1536K, 35% used [0x00000000d6900000,0x00000000d6988000,0x00000000d6a80000)
  to   space 1536K, 0% used [0x00000000d6780000,0x00000000d6780000,0x00000000d6900000)
 ParOldGen       total 129536K, used 38399K [0x0000000081e00000, 0x0000000089c80000, 0x00000000d5f80000)
  object space 129536K, 29% used [0x0000000081e00000,0x000000008437fc80,0x0000000089c80000)
 Metaspace       used 8282K, capacity 8433K, committed 8704K, reserved 1056768K
  class space    used 868K, capacity 915K, committed 1024K, reserved 1048576K
Event: 0.907 GC heap after
Heap after GC invocations=9 (full 0):
 PSYoungGen      total 9728K, used 128K [0x00000000d5f80000, 0x00000000d6f80000, 0x0000000100000000)
  eden space 8192K, 0% used [0x00000000d5f80000,0x00000000d5f80000,0x00000000d6780000)
  from space 1536K, 8% used [0x00000000d6780000,0x00000000d67a0000,0x00000000d6900000)
  to   space 1536K, 0% used [0x00000000d6e00000,0x00000000d6e00000,0x00000000d6f80000)
 ParOldGen       total 129536K, used 38771K [0x0000000081e00000, 0x0000000089c80000, 0x00000000d5f80000)
  object space 129536K, 29% used [0x0000000081e00000,0x00000000843dccb0,0x0000000089c80000)
 Metaspace       used 8282K, capacity 8433K, committed 8704K, reserved 1056768K
  class space    used 868K, capacity 915K, committed 1024K, reserved 1048576K
}
Event: 0.917 GC heap before
{Heap before GC invocations=10 (full 0):
 PSYoungGen      total 9728K, used 8320K [0x00000000d5f80000, 0x00000000d6f80000, 0x0000000100000000)
  eden space 8192K, 100% used [0x00000000d5f80000,0x00000000d6780000,0x00000000d6780000)
  from space 1536K, 8% used [0x00000000d6780000,0x00000000d67a0000,0x00000000d6900000)
  to   space 1536K, 0% used [0x00000000d6e00000,0x00000000d6e00000,0x00000000d6f80000)
 ParOldGen       total 129536K, used 38771K [0x0000000081e00000, 0x0000000089c80000, 0x00000000d5f80000)
  object space 129536K, 29% used [0x0000000081e00000,0x00000000843dccb0,0x0000000089c80000)
 Metaspace       used 8282K, capacity 8433K, committed 8704K, reserved 1056768K
  class space    used 868K, capacity 915K, committed 1024K, reserved 1048576K
Event: 0.918 GC heap after
Heap after GC invocations=10 (full 0):
 PSYoungGen      total 14848K, used 0K [0x00000000d5f80000, 0x00000000d6f80000, 0x0000000100000000)
  eden space 13312K, 0% used [0x00000000d5f80000,0x00000000d5f80000,0x00000000d6c80000)
  from space 1536K, 0% used [0x00000000d6e00000,0x00000000d6e00000,0x00000000d6f80000)
  to   space 1536K, 0% used [0x00000000d6c80000,0x00000000d6c80000,0x00000000d6e00000)
 ParOldGen       total 129536K, used 38899K [0x0000000081e00000, 0x0000000089c80000, 0x00000000d5f80000)
  object space 129536K, 30% used [0x0000000081e00000,0x00000000843fccb0,0x0000000089c80000)
 Metaspace       used 8282K, capacity 8433K, committed 8704K, reserved 1056768K
  class space    used 868K, capacity 915K, committed 1024K, reserved 1048576K
}
Event: 0.932 GC heap before
{Heap before GC invocations=11 (full 0):
 PSYoungGen      total 14848K, used 13312K [0x00000000d5f80000, 0x00000000d6f80000, 0x0000000100000000)
  eden space 13312K, 100% used [0x00000000d5f80000,0x00000000d6c80000,0x00000000d6c80000)
  from space 1536K, 0% used [0x00000000d6e00000,0x00000000d6e00000,0x00000000d6f80000)
  to   space 1536K, 0% used [0x00000000d6c80000,0x00000000d6c80000,0x00000000d6e00000)
 ParOldGen       total 129536K, used 38899K [0x0000000081e00000, 0x0000000089c80000, 0x00000000d5f80000)
  object space 129536K, 30% used [0x0000000081e00000,0x00000000843fccb0,0x0000000089c80000)
 Metaspace       used 8282K, capacity 8433K, committed 8704K, reserved 1056768K
  class space    used 868K, capacity 915K, committed 1024K, reserved 1048576K
Event: 0.933 GC heap after
Heap after GC invocations=11 (full 0):
 PSYoungGen      total 14848K, used 0K [0x00000000d5f80000, 0x00000000d7780000, 0x0000000100000000)
  eden space 13312K, 0% used [0x00000000d5f80000,0x00000000d5f80000,0x00000000d6c80000)
  from space 1536K, 0% used [0x00000000d6c80000,0x00000000d6c80000,0x00000000d6e00000)
  to   space 1536K, 0% used [0x00000000d7600000,0x00000000d7600000,0x00000000d7780000)
 ParOldGen       total 129536K, used 38899K [0x0000000081e00000, 0x0000000089c80000, 0x00000000d5f80000)
  object space 129536K, 30% used [0x0000000081e00000,0x00000000843fccb0,0x0000000089c80000)
 Metaspace       used 8282K, capacity 8433K, committed 8704K, reserved 1056768K
  class space    used 868K, capacity 915K, committed 1024K, reserved 1048576K
}
Event: 0.946 GC heap before
{Heap before GC invocations=12 (full 0):
 PSYoungGen      total 14848K, used 13312K [0x00000000d5f80000, 0x00000000d7780000, 0x0000000100000000)
  eden space 13312K, 100% used [0x00000000d5f80000,0x00000000d6c80000,0x00000000d6c80000)
  from space 1536K, 0% used [0x00000000d6c80000,0x00000000d6c80000,0x00000000d6e00000)
  to   space 1536K, 0% used [0x00000000d7600000,0x00000000d7600000,0x00000000d7780000)
 ParOldGen       total 129536K, used 38899K [0x0000000081e00000, 0x0000000089c80000, 0x00000000d5f80000)
  object space 129536K, 30% used [0x0000000081e00000,0x00000000843fccb0,0x0000000089c80000)
 Metaspace       used 8282K, capacity 8433K, committed 8704K, reserved 1056768K
  class space    used 868K, capacity 915K, committed 1024K, reserved 1048576K
Event: 0.946 GC heap after
Heap after GC invocations=12 (full 0):
 PSYoungGen      total 23040K, used 0K [0x00000000d5f80000, 0x00000000d7780000, 0x0000000100000000)
  eden space 21504K, 0% used [0x00000000d5f80000,0x00000000d5f80000,0x00000000d7480000)
  from space 1536K, 0% used [0x00000000d7600000,0x00000000d7600000,0x00000000d7780000)
  to   space 1536K, 0% used [0x00000000d7480000,0x00000000d7480000,0x00000000d7600000)
 ParOldGen       total 129536K, used 38899K [0x0000000081e00000, 0x0000000089c80000, 0x00000000d5f80000)
  object space 129536K, 30% used [0x0000000081e00000,0x00000000843fccb0,0x0000000089c80000)
 Metaspace       used 8282K, capacity 8433K, committed 8704K, reserved 1056768K
  class space    used 868K, capacity 915K, committed 1024K, reserved 1048576K
}
Event: 0.972 GC heap before
{Heap before GC invocations=13 (full 0):
 PSYoungGen      total 23040K, used 21504K [0x00000000d5f80000, 0x00000000d7780000, 0x0000000100000000)
  eden space 21504K, 100% used [0x00000000d5f80000,0x00000000d7480000,0x00000000d7480000)
  from space 1536K, 0% used [0x00000000d7600000,0x00000000d7600000,0x00000000d7780000)
  to   space 1536K, 0% used [0x00000000d7480000,0x00000000d7480000,0x00000000d7600000)
 ParOldGen       total 129536K, used 38899K [0x0000000081e00000, 0x0000000089c80000, 0x00000000d5f80000)
  object space 129536K, 30% used [0x0000000081e00000,0x00000000843fccb0,0x0000000089c80000)
 Metaspace       used 8282K, capacity 8433K, committed 8704K, reserved 1056768K
  class space    used 868K, capacity 915K, committed 1024K, reserved 1048576K
Event: 0.973 GC heap after
Heap after GC invocations=13 (full 0):
 PSYoungGen      total 23040K, used 0K [0x00000000d5f80000, 0x00000000d8480000, 0x0000000100000000)
  eden space 21504K, 0% used [0x00000000d5f80000,0x00000000d5f80000,0x00000000d7480000)
  from space 1536K, 0% used [0x00000000d7480000,0x00000000d7480000,0x00000000d7600000)
  to   space 1536K, 0% used [0x00000000d8300000,0x00000000d8300000,0x00000000d8480000)
 ParOldGen       total 129536K, used 38899K [0x0000000081e00000, 0x0000000089c80000, 0x00000000d5f80000)
  object space 129536K, 30% used [0x0000000081e00000,0x00000000843fccb0,0x0000000089c80000)
 Metaspace       used 8282K, capacity 8433K, committed 8704K, reserved 1056768K
  class space    used 868K, capacity 915K, committed 1024K, reserved 1048576K
}

Deoptimization events (2 events):
Event: 0.978 Thread 0x00000000021ee000 Uncommon trap: reason=unreached action=reinterpret pc=0x0000000002adcc0c method=java.awt.image.ComponentColorModel.getDataElements(ILjava/lang/Object;)Ljava/lang/Object; @ 2993
Event: 0.978 Thread 0x00000000021ee000 Uncommon trap: reason=unreached action=reinterpret pc=0x0000000002aaeea4 method=sun.awt.image.ByteInterleavedRaster.getDataElements(IILjava/lang/Object;)Ljava/lang/Object; @ 43

Internal exceptions (10 events):
Event: 0.545 Thread 0x00000000021ee000 Exception <a 'java/lang/NoSuchFieldError': method resolution failed> (0x00000000d6054d30) thrown at [C:\re\workspace\8-2-build-windows-amd64-cygwin\jdk8u11\648\hotspot\src\share\vm\prims\methodHandles.cpp, line 1159]
Event: 0.546 Thread 0x00000000021ee000 Exception <a 'java/lang/NoSuchFieldError': method resolution failed> (0x00000000d6057e90) thrown at [C:\re\workspace\8-2-build-windows-amd64-cygwin\jdk8u11\648\hotspot\src\share\vm\prims\methodHandles.cpp, line 1159]
Event: 0.743 Thread 0x00000000021ee000 Exception <a 'java/io/FileNotFoundException'> (0x00000000d6251908) thrown at [C:\re\workspace\8-2-build-windows-amd64-cygwin\jdk8u11\648\hotspot\src\share\vm\prims\jni.cpp, line 716]
Event: 0.978 Thread 0x00000000021ee000 Implicit null exception at 0x0000000002ad923a to 0x0000000002adcbf5
Event: 0.978 Thread 0x00000000021ee000 Implicit null exception at 0x0000000002aaecf6 to 0x0000000002aaee89
Event: 0.990 Thread 0x00000000021ee000 Exception <a 'java/security/PrivilegedActionException'> (0x00000000d6489230) thrown at [C:\re\workspace\8-2-build-windows-amd64-cygwin\jdk8u11\648\hotspot\src\share\vm\prims\jvm.cpp, line 1248]
Event: 0.996 Thread 0x00000000021ee000 Exception <a 'java/security/PrivilegedActionException'> (0x00000000d6491258) thrown at [C:\re\workspace\8-2-build-windows-amd64-cygwin\jdk8u11\648\hotspot\src\share\vm\prims\jvm.cpp, line 1248]
Event: 0.997 Thread 0x00000000021ee000 Exception <a 'java/security/PrivilegedActionException'> (0x00000000d649d940) thrown at [C:\re\workspace\8-2-build-windows-amd64-cygwin\jdk8u11\648\hotspot\src\share\vm\prims\jvm.cpp, line 1248]
Event: 0.997 Thread 0x00000000021ee000 Exception <a 'java/security/PrivilegedActionException'> (0x00000000d649fb20) thrown at [C:\re\workspace\8-2-build-windows-amd64-cygwin\jdk8u11\648\hotspot\src\share\vm\prims\jvm.cpp, line 1248]
Event: 0.998 Thread 0x00000000021ee000 Exception <a 'java/security/PrivilegedActionException'> (0x00000000d64a5170) thrown at [C:\re\workspace\8-2-build-windows-amd64-cygwin\jdk8u11\648\hotspot\src\share\vm\prims\jvm.cpp, line 1248]

Events (10 events):
Event: 0.990 loading class org/lwjgl/opengl/GLChecks
Event: 0.990 loading class org/lwjgl/opengl/GLChecks done
Event: 0.996 loading class org/lwjgl/util/glu/GLU
Event: 0.996 loading class org/lwjgl/util/glu/GLU done
Event: 0.997 loading class org/lwjgl/util/glu/GLUtessellator
Event: 0.997 loading class org/lwjgl/util/glu/GLUtessellator done
Event: 0.997 loading class org/lwjgl/util/glu/Project
Event: 0.997 loading class org/lwjgl/util/glu/Project done
Event: 0.998 loading class org/lwjgl/util/glu/Util
Event: 0.998 loading class org/lwjgl/util/glu/Util done


Dynamic libraries:
0x000000013fad0000 - 0x000000013fb04000 	C:\Program Files\Java\jdk1.8.0_11\bin\java.exe
0x0000000077bf0000 - 0x0000000077d99000 	C:\Windows\SYSTEM32\ntdll.dll
0x00000000779d0000 - 0x0000000077aef000 	C:\Windows\system32\kernel32.dll
0x000007fefdd00000 - 0x000007fefdd6c000 	C:\Windows\system32\KERNELBASE.dll
0x000007fefe270000 - 0x000007fefe34b000 	C:\Windows\system32\ADVAPI32.dll
0x000007fefddc0000 - 0x000007fefde5f000 	C:\Windows\system32\msvcrt.dll
0x000007feff800000 - 0x000007feff81f000 	C:\Windows\SYSTEM32\sechost.dll
0x000007fefe140000 - 0x000007fefe26d000 	C:\Windows\system32\RPCRT4.dll
0x0000000077af0000 - 0x0000000077bea000 	C:\Windows\system32\USER32.dll
0x000007feffdb0000 - 0x000007feffe17000 	C:\Windows\system32\GDI32.dll
0x000007fefe3f0000 - 0x000007fefe3fe000 	C:\Windows\system32\LPK.dll
0x000007feffc60000 - 0x000007feffd29000 	C:\Windows\system32\USP10.dll
0x000007fefc5b0000 - 0x000007fefc7a4000 	C:\Windows\WinSxS\amd64_microsoft.windows.common-controls_6595b64144ccf1df_6.0.7601.17514_none_fa396087175ac9ac\COMCTL32.dll
0x000007feffd30000 - 0x000007feffda1000 	C:\Windows\system32\SHLWAPI.dll
0x000007fefea40000 - 0x000007fefea6e000 	C:\Windows\system32\IMM32.DLL
0x000007fefe030000 - 0x000007fefe139000 	C:\Windows\system32\MSCTF.dll
0x000000005ec70000 - 0x000000005ed42000 	C:\Program Files\Java\jdk1.8.0_11\jre\bin\msvcr100.dll
0x000000005dcf0000 - 0x000000005e51a000 	C:\Program Files\Java\jdk1.8.0_11\jre\bin\server\jvm.dll
0x000007fef8790000 - 0x000007fef8799000 	C:\Windows\system32\WSOCK32.dll
0x000007fefdfd0000 - 0x000007fefe01d000 	C:\Windows\system32\WS2_32.dll
0x000007fefe020000 - 0x000007fefe028000 	C:\Windows\system32\NSI.dll
0x000007fef9800000 - 0x000007fef983b000 	C:\Windows\system32\WINMM.dll
0x0000000077dc0000 - 0x0000000077dc7000 	C:\Windows\system32\PSAPI.DLL
0x000000005ec20000 - 0x000000005ec2f000 	C:\Program Files\Java\jdk1.8.0_11\jre\bin\verify.dll
0x000000005ebf0000 - 0x000000005ec18000 	C:\Program Files\Java\jdk1.8.0_11\jre\bin\java.dll
0x000000005ebd0000 - 0x000000005ebe6000 	C:\Program Files\Java\jdk1.8.0_11\jre\bin\zip.dll
0x000007fefea70000 - 0x000007feff7f8000 	C:\Windows\system32\SHELL32.dll
0x000007fefe830000 - 0x000007fefea33000 	C:\Windows\system32\ole32.dll
0x000007fefda00000 - 0x000007fefda0f000 	C:\Windows\system32\profapi.dll
0x0000000180000000 - 0x0000000180051000 	C:\Users\otso\Documents\LWJGL\lwjgl-2.9.1\native\windows\lwjgl64.dll
0x000007feea330000 - 0x000007feea44d000 	C:\Windows\system32\OPENGL32.dll
0x000007feea300000 - 0x000007feea32d000 	C:\Windows\system32\GLU32.dll
0x000007feea200000 - 0x000007feea2f1000 	C:\Windows\system32\DDRAW.dll
0x000007feea1f0000 - 0x000007feea1f8000 	C:\Windows\system32\DCIMAN32.dll
0x000007feffa80000 - 0x000007feffc57000 	C:\Windows\system32\SETUPAPI.dll
0x000007fefda20000 - 0x000007fefda56000 	C:\Windows\system32\CFGMGR32.dll
0x000007feffe20000 - 0x000007feffef7000 	C:\Windows\system32\OLEAUT32.dll
0x000007fefdd90000 - 0x000007fefddaa000 	C:\Windows\system32\DEVOBJ.dll
0x000007fefbbc0000 - 0x000007fefbbd8000 	C:\Windows\system32\dwmapi.dll
0x000007fefcad0000 - 0x000007fefcadc000 	C:\Windows\system32\VERSION.dll
0x000007fefbfa0000 - 0x000007fefbff6000 	C:\Windows\system32\uxtheme.dll
0x000007fef3f10000 - 0x000007fef3f21000 	C:\Program Files (x86)\Dexpot\hooxpot64.dll
0x000007feea1d0000 - 0x000007feea1e8000 	C:\Windows\system32\atig6pxx.dll
0x000000005aff0000 - 0x000000005cb34000 	C:\Windows\system32\atio6axx.dll
0x000007fefafe0000 - 0x000007fefb117000 	C:\Windows\system32\atiadlxx.dll
0x000007fefc040000 - 0x000007fefc16c000 	C:\Windows\system32\PROPSYS.dll
0x000007fefdbe0000 - 0x000007fefdbfe000 	C:\Windows\system32\USERENV.dll
0x000007fefcae0000 - 0x000007fefcaf1000 	C:\Windows\system32\WTSAPI32.dll
0x000007fefaf90000 - 0x000007fefafb7000 	C:\Windows\system32\IPHLPAPI.DLL
0x000007fefaf80000 - 0x000007fefaf8b000 	C:\Windows\system32\WINNSI.DLL
0x000007fefdc00000 - 0x000007fefdc3b000 	C:\Windows\system32\WINTRUST.dll
0x000007fefda70000 - 0x000007fefdbdd000 	C:\Windows\system32\CRYPT32.dll
0x000007fefda10000 - 0x000007fefda1f000 	C:\Windows\system32\MSASN1.dll
0x000007feea010000 - 0x000007feea039000 	C:\Windows\system32\atig6txx.dll
0x000007fefd860000 - 0x000007fefd86f000 	C:\Windows\system32\CRYPTBASE.dll
0x000007fefe790000 - 0x000007fefe829000 	C:\Windows\system32\CLBCatQ.DLL
0x000007fee5c40000 - 0x000007fee5cdc000 	C:\Windows\system32\mscms.dll
0x000007fee5ba0000 - 0x000007fee5be2000 	C:\Windows\system32\icm32.dll
0x0000000061fe0000 - 0x0000000062176000 	C:\Program Files\Java\jdk1.8.0_11\jre\bin\awt.dll
0x000007fefd3f0000 - 0x000007fefd408000 	C:\Windows\system32\CRYPTSP.dll
0x000007fefcdc0000 - 0x000007fefce07000 	C:\Windows\system32\rsaenh.dll
0x000000005ebb0000 - 0x000000005ebca000 	C:\Program Files\Java\jdk1.8.0_11\jre\bin\net.dll
0x000007fefd1a0000 - 0x000007fefd1f5000 	C:\Windows\system32\mswsock.dll
0x000007fefd190000 - 0x000007fefd197000 	C:\Windows\System32\wship6.dll
0x000007fefae10000 - 0x000007fefae21000 	C:\Windows\system32\dhcpcsvc6.DLL
0x000007fefadf0000 - 0x000007fefae08000 	C:\Windows\system32\dhcpcsvc.DLL
0x000000005eb90000 - 0x000000005eba1000 	C:\Program Files\Java\jdk1.8.0_11\jre\bin\nio.dll
0x000000006f600000 - 0x000000006f630000 	C:\Program Files\Java\jdk1.8.0_11\jre\bin\jpeg.dll
0x0000000070070000 - 0x00000000700ac000 	C:\Program Files\Java\jdk1.8.0_11\jre\bin\lcms.dll
0x000007fef65a0000 - 0x000007fef66c5000 	C:\Windows\system32\dbghelp.dll

VM Arguments:
jvm_args: -Dfile.encoding=UTF-8 -Djava.library.path=C:\Users\otso\Documents\LWJGL\lwjgl-2.9.1\native\windows 
java_command: freeat.Main
java_class_path (initial): C:\Users\otso\Documents\LWJGL\lwjgl-2.9.1\jar\jinput.jar;C:\Users\otso\Documents\LWJGL\lwjgl-2.9.1\jar\lwjgl.jar;C:\Users\otso\Documents\LWJGL\lwjgl-2.9.1\jar\lwjgl_util.jar;C:\Users\otso\Documents\Java libraries\slick-util.jar;C:\Users\otso\Documents\Java libraries\slick.jar;C:\Users\otso\Documents\NetBeansProjects\FreeAT\build\classes
Launcher Type: SUN_STANDARD

Environment Variables:
PATH=C:\ProgramData\Oracle\Java\javapath;C:\Program Files (x86)\NVIDIA Corporation\PhysX\Common;C:\Program Files (x86)\Intel\iCLS Client\;C:\Program Files\Intel\iCLS Client\;C:\Windows\system32;C:\Windows;C:\Windows\System32\Wbem;C:\Windows\System32\WindowsPowerShell\v1.0\;C:\Program Files\Intel\Intel(R) Management Engine Components\DAL;C:\Program Files (x86)\Intel\Intel(R) Management Engine Components\DAL;C:\Program Files\Intel\Intel(R) Management Engine Components\IPT;C:\Program Files (x86)\Intel\Intel(R) Management Engine Components\IPT;C:\Program Files (x86)\ATI Technologies\ATI.ACE\Core-Static;C:\cygwin\bin;C:\Program Files (x86)\Windows Kits\8.1\Windows Performance Toolkit\;C:\Program Files\Microsoft SQL Server\110\Tools\Binn\;C:\Program Files (x86)\Microsoft SDKs\TypeScript\1.0\
USERNAME=otso
OS=Windows_NT
PROCESSOR_IDENTIFIER=Intel64 Family 6 Model 60 Stepping 3, GenuineIntel



---------------  S Y S T E M  ---------------

OS: Windows 7 , 64 bit Build 7601 Service Pack 1

CPU:total 8 (4 cores per cpu, 2 threads per core) family 6 model 60 stepping 3, cmov, cx8, fxsr, mmx, sse, sse2, sse3, ssse3, sse4.1, sse4.2, popcnt, avx, avx2, aes, clmul, erms, ht, tsc, tscinvbit

Memory: 4k page, physical 8263612k(3114504k free), swap 16525360k(9639928k free)

vm_info: Java HotSpot(TM) 64-Bit Server VM (25.11-b03) for windows-amd64 JRE (1.8.0_11-b12), built on Jun 16 2014 20:57:32 by "java_re" with MS VC++ 10.0 (VS2010)

time: Mon Nov 10 11:18:53 2014
elapsed time: 1 seconds

